This is pdfTeX, Version 3.141592653-2.6-1.40.25 (TeX Live 2023) (preloaded format=pdflatex 2024.1.14)  14 JAN 2024 17:05
entering extended mode
 restricted \write18 enabled.
 %&-line parsing enabled.
**Intro_aR_2023_presentacion.tex
(./Intro_aR_2023_presentacion.tex
LaTeX2e <2023-11-01>
L3 programming layer <2024-01-04>
(/Users/lio/Library/TinyTeX/texmf-dist/tex/latex/beamer/beamer.cls
Document Class: beamer 2024/01/06 v3.71 A class for typesetting presentations
(/Users/lio/Library/TinyTeX/texmf-dist/tex/latex/beamer/beamerbasemodes.sty (/Users/lio/Library/TinyTeX/texmf-dist/tex/latex/etoolbox/etoolbox.sty
Package: etoolbox 2020/10/05 v2.5k e-TeX tools for LaTeX (JAW)
\etb@tempcnta=\count187
)
\beamer@tempbox=\box51
\beamer@tempcount=\count188
\c@beamerpauses=\count189
(/Users/lio/Library/TinyTeX/texmf-dist/tex/latex/beamer/beamerbasedecode.sty
\beamer@slideinframe=\count190
\beamer@minimum=\count191
\beamer@decode@box=\box52
)
\beamer@commentbox=\box53
\beamer@modecount=\count192
) (/Users/lio/Library/TinyTeX/texmf-dist/tex/generic/iftex/iftex.sty
Package: iftex 2022/02/03 v1.0f TeX engine tests
)
\headdp=\dimen140
\footheight=\dimen141
\sidebarheight=\dimen142
\beamer@tempdim=\dimen143
\beamer@finalheight=\dimen144
\beamer@animht=\dimen145
\beamer@animdp=\dimen146
\beamer@animwd=\dimen147
\beamer@leftmargin=\dimen148
\beamer@rightmargin=\dimen149
\beamer@leftsidebar=\dimen150
\beamer@rightsidebar=\dimen151
\beamer@boxsize=\dimen152
\beamer@vboxoffset=\dimen153
\beamer@descdefault=\dimen154
\beamer@descriptionwidth=\dimen155
\beamer@lastskip=\skip48
\beamer@areabox=\box54
\beamer@animcurrent=\box55
\beamer@animshowbox=\box56
\beamer@sectionbox=\box57
\beamer@logobox=\box58
\beamer@linebox=\box59
\beamer@sectioncount=\count193
\beamer@subsubsectionmax=\count194
\beamer@subsectionmax=\count195
\beamer@sectionmax=\count196
\beamer@totalheads=\count197
\beamer@headcounter=\count198
\beamer@partstartpage=\count199
\beamer@sectionstartpage=\count266
\beamer@subsectionstartpage=\count267
\beamer@animationtempa=\count268
\beamer@animationtempb=\count269
\beamer@xpos=\count270
\beamer@ypos=\count271
\beamer@ypos@offset=\count272
\beamer@showpartnumber=\count273
\beamer@currentsubsection=\count274
\beamer@coveringdepth=\count275
\beamer@sectionadjust=\count276
\beamer@toclastsection=\count277
\beamer@tocsectionnumber=\count278
(/Users/lio/Library/TinyTeX/texmf-dist/tex/latex/beamer/beamerbaseoptions.sty (/Users/lio/Library/TinyTeX/texmf-dist/tex/latex/graphics/keyval.sty
Package: keyval 2022/05/29 v1.15 key=value parser (DPC)
\KV@toks@=\toks17
))
\beamer@paperwidth=\skip49
\beamer@paperheight=\skip50
(/Users/lio/Library/TinyTeX/texmf-dist/tex/latex/geometry/geometry.sty
Package: geometry 2020/01/02 v5.9 Page Geometry
(/Users/lio/Library/TinyTeX/texmf-dist/tex/generic/iftex/ifvtex.sty
Package: ifvtex 2019/10/25 v1.7 ifvtex legacy package. Use iftex instead.
)
\Gm@cnth=\count279
\Gm@cntv=\count280
\c@Gm@tempcnt=\count281
\Gm@bindingoffset=\dimen156
\Gm@wd@mp=\dimen157
\Gm@odd@mp=\dimen158
\Gm@even@mp=\dimen159
\Gm@layoutwidth=\dimen160
\Gm@layoutheight=\dimen161
\Gm@layouthoffset=\dimen162
\Gm@layoutvoffset=\dimen163
\Gm@dimlist=\toks18
) (/Users/lio/Library/TinyTeX/texmf-dist/tex/latex/pgf/math/pgfmath.sty (/Users/lio/Library/TinyTeX/texmf-dist/tex/latex/pgf/utilities/pgfrcs.sty (/Users/lio/Library/TinyTeX/texmf-dist/tex/generic/pgf/utilities/pgfutil-common.tex
\pgfutil@everybye=\toks19
\pgfutil@tempdima=\dimen164
\pgfutil@tempdimb=\dimen165
) (/Users/lio/Library/TinyTeX/texmf-dist/tex/generic/pgf/utilities/pgfutil-latex.def
\pgfutil@abb=\box60
) (/Users/lio/Library/TinyTeX/texmf-dist/tex/generic/pgf/utilities/pgfrcs.code.tex (/Users/lio/Library/TinyTeX/texmf-dist/tex/generic/pgf/pgf.revision.tex)
Package: pgfrcs 2023-01-15 v3.1.10 (3.1.10)
)) (/Users/lio/Library/TinyTeX/texmf-dist/tex/latex/pgf/utilities/pgfkeys.sty (/Users/lio/Library/TinyTeX/texmf-dist/tex/generic/pgf/utilities/pgfkeys.code.tex
\pgfkeys@pathtoks=\toks20
\pgfkeys@temptoks=\toks21
(/Users/lio/Library/TinyTeX/texmf-dist/tex/generic/pgf/utilities/pgfkeyslibraryfiltered.code.tex
\pgfkeys@tmptoks=\toks22
))) (/Users/lio/Library/TinyTeX/texmf-dist/tex/generic/pgf/math/pgfmath.code.tex (/Users/lio/Library/TinyTeX/texmf-dist/tex/generic/pgf/math/pgfmathutil.code.tex
\pgf@x=\dimen166
\pgf@xa=\dimen167
\pgf@xb=\dimen168
\pgf@xc=\dimen169
\pgf@y=\dimen170
\pgf@ya=\dimen171
\pgf@yb=\dimen172
\pgf@yc=\dimen173
\c@pgf@counta=\count282
\c@pgf@countb=\count283
\c@pgf@countc=\count284
\c@pgf@countd=\count285
) (/Users/lio/Library/TinyTeX/texmf-dist/tex/generic/pgf/math/pgfmathparser.code.tex
\pgfmath@dimen=\dimen174
\pgfmath@count=\count286
\pgfmath@box=\box61
\pgfmath@toks=\toks23
\pgfmath@stack@operand=\toks24
\pgfmath@stack@operation=\toks25
) (/Users/lio/Library/TinyTeX/texmf-dist/tex/generic/pgf/math/pgfmathfunctions.code.tex) (/Users/lio/Library/TinyTeX/texmf-dist/tex/generic/pgf/math/pgfmathfunctions.basic.code.tex) (/Users/lio/Library/TinyTeX/texmf-dist/tex/generic/pgf/math/pgfmathfunctions.trigonometric.code.tex) (/Users/lio/Library/TinyTeX/texmf-dist/tex/generic/pgf/math/pgfmathfunctions.random.code.tex) (/Users/lio/Library/TinyTeX/texmf-dist/tex/generic/pgf/math/pgfmathfunctions.comparison.code.tex) (/Users/lio/Library/TinyTeX/texmf-dist/tex/generic/pgf/math/pgfmathfunctions.base.code.tex) (/Users/lio/Library/TinyTeX/texmf-dist/tex/generic/pgf/math/pgfmathfunctions.round.code.tex) (/Users/lio/Library/TinyTeX/texmf-dist/tex/generic/pgf/math/pgfmathfunctions.misc.code.tex) (/Users/lio/Library/TinyTeX/texmf-dist/tex/generic/pgf/math/pgfmathfunctions.integerarithmetics.code.tex) (/Users/lio/Library/TinyTeX/texmf-dist/tex/generic/pgf/math/pgfmathcalc.code.tex) (/Users/lio/Library/TinyTeX/texmf-dist/tex/generic/pgf/math/pgfmathfloat.code.tex
\c@pgfmathroundto@lastzeros=\count287
))) (/Users/lio/Library/TinyTeX/texmf-dist/tex/latex/base/size11.clo
File: size11.clo 2023/05/17 v1.4n Standard LaTeX file (size option)
) (/Users/lio/Library/TinyTeX/texmf-dist/tex/latex/pgf/basiclayer/pgfcore.sty (/Users/lio/Library/TinyTeX/texmf-dist/tex/latex/graphics/graphicx.sty
Package: graphicx 2021/09/16 v1.2d Enhanced LaTeX Graphics (DPC,SPQR)
(/Users/lio/Library/TinyTeX/texmf-dist/tex/latex/graphics/graphics.sty
Package: graphics 2022/03/10 v1.4e Standard LaTeX Graphics (DPC,SPQR)
(/Users/lio/Library/TinyTeX/texmf-dist/tex/latex/graphics/trig.sty
Package: trig 2021/08/11 v1.11 sin cos tan (DPC)
) (/Users/lio/Library/TinyTeX/texmf-dist/tex/latex/graphics-cfg/graphics.cfg
File: graphics.cfg 2016/06/04 v1.11 sample graphics configuration
)
Package graphics Info: Driver file: pdftex.def on input line 107.
(/Users/lio/Library/TinyTeX/texmf-dist/tex/latex/graphics-def/pdftex.def
File: pdftex.def 2022/09/22 v1.2b Graphics/color driver for pdftex
))
\Gin@req@height=\dimen175
\Gin@req@width=\dimen176
) (/Users/lio/Library/TinyTeX/texmf-dist/tex/latex/pgf/systemlayer/pgfsys.sty (/Users/lio/Library/TinyTeX/texmf-dist/tex/generic/pgf/systemlayer/pgfsys.code.tex
Package: pgfsys 2023-01-15 v3.1.10 (3.1.10)
\pgf@x=\dimen177
\pgf@y=\dimen178
\pgf@xa=\dimen179
\pgf@ya=\dimen180
\pgf@xb=\dimen181
\pgf@yb=\dimen182
\pgf@xc=\dimen183
\pgf@yc=\dimen184
\pgf@xd=\dimen185
\pgf@yd=\dimen186
\w@pgf@writea=\write3
\r@pgf@reada=\read2
\c@pgf@counta=\count288
\c@pgf@countb=\count289
\c@pgf@countc=\count290
\c@pgf@countd=\count291
\t@pgf@toka=\toks26
\t@pgf@tokb=\toks27
\t@pgf@tokc=\toks28
\pgf@sys@id@count=\count292
(/Users/lio/Library/TinyTeX/texmf-dist/tex/generic/pgf/systemlayer/pgf.cfg
File: pgf.cfg 2023-01-15 v3.1.10 (3.1.10)
)
Driver file for pgf: pgfsys-pdftex.def
(/Users/lio/Library/TinyTeX/texmf-dist/tex/generic/pgf/systemlayer/pgfsys-pdftex.def
File: pgfsys-pdftex.def 2023-01-15 v3.1.10 (3.1.10)
(/Users/lio/Library/TinyTeX/texmf-dist/tex/generic/pgf/systemlayer/pgfsys-common-pdf.def
File: pgfsys-common-pdf.def 2023-01-15 v3.1.10 (3.1.10)
))) (/Users/lio/Library/TinyTeX/texmf-dist/tex/generic/pgf/systemlayer/pgfsyssoftpath.code.tex
File: pgfsyssoftpath.code.tex 2023-01-15 v3.1.10 (3.1.10)
\pgfsyssoftpath@smallbuffer@items=\count293
\pgfsyssoftpath@bigbuffer@items=\count294
) (/Users/lio/Library/TinyTeX/texmf-dist/tex/generic/pgf/systemlayer/pgfsysprotocol.code.tex
File: pgfsysprotocol.code.tex 2023-01-15 v3.1.10 (3.1.10)
)) (/Users/lio/Library/TinyTeX/texmf-dist/tex/latex/xcolor/xcolor.sty
Package: xcolor 2023/11/15 v3.01 LaTeX color extensions (UK)
(/Users/lio/Library/TinyTeX/texmf-dist/tex/latex/graphics-cfg/color.cfg
File: color.cfg 2016/01/02 v1.6 sample color configuration
)
Package xcolor Info: Driver file: pdftex.def on input line 274.
(/Users/lio/Library/TinyTeX/texmf-dist/tex/latex/graphics/mathcolor.ltx)
Package xcolor Info: Model `cmy' substituted by `cmy0' on input line 1350.
Package xcolor Info: Model `hsb' substituted by `rgb' on input line 1354.
Package xcolor Info: Model `RGB' extended on input line 1366.
Package xcolor Info: Model `HTML' substituted by `rgb' on input line 1368.
Package xcolor Info: Model `Hsb' substituted by `hsb' on input line 1369.
Package xcolor Info: Model `tHsb' substituted by `hsb' on input line 1370.
Package xcolor Info: Model `HSB' substituted by `hsb' on input line 1371.
Package xcolor Info: Model `Gray' substituted by `gray' on input line 1372.
Package xcolor Info: Model `wave' substituted by `hsb' on input line 1373.
) (/Users/lio/Library/TinyTeX/texmf-dist/tex/generic/pgf/basiclayer/pgfcore.code.tex
Package: pgfcore 2023-01-15 v3.1.10 (3.1.10)
(/Users/lio/Library/TinyTeX/texmf-dist/tex/generic/pgf/math/pgfint.code.tex) (/Users/lio/Library/TinyTeX/texmf-dist/tex/generic/pgf/basiclayer/pgfcorepoints.code.tex
File: pgfcorepoints.code.tex 2023-01-15 v3.1.10 (3.1.10)
\pgf@picminx=\dimen187
\pgf@picmaxx=\dimen188
\pgf@picminy=\dimen189
\pgf@picmaxy=\dimen190
\pgf@pathminx=\dimen191
\pgf@pathmaxx=\dimen192
\pgf@pathminy=\dimen193
\pgf@pathmaxy=\dimen194
\pgf@xx=\dimen195
\pgf@xy=\dimen196
\pgf@yx=\dimen197
\pgf@yy=\dimen198
\pgf@zx=\dimen199
\pgf@zy=\dimen256
) (/Users/lio/Library/TinyTeX/texmf-dist/tex/generic/pgf/basiclayer/pgfcorepathconstruct.code.tex
File: pgfcorepathconstruct.code.tex 2023-01-15 v3.1.10 (3.1.10)
\pgf@path@lastx=\dimen257
\pgf@path@lasty=\dimen258
) (/Users/lio/Library/TinyTeX/texmf-dist/tex/generic/pgf/basiclayer/pgfcorepathusage.code.tex
File: pgfcorepathusage.code.tex 2023-01-15 v3.1.10 (3.1.10)
\pgf@shorten@end@additional=\dimen259
\pgf@shorten@start@additional=\dimen260
) (/Users/lio/Library/TinyTeX/texmf-dist/tex/generic/pgf/basiclayer/pgfcorescopes.code.tex
File: pgfcorescopes.code.tex 2023-01-15 v3.1.10 (3.1.10)
\pgfpic=\box62
\pgf@hbox=\box63
\pgf@layerbox@main=\box64
\pgf@picture@serial@count=\count295
) (/Users/lio/Library/TinyTeX/texmf-dist/tex/generic/pgf/basiclayer/pgfcoregraphicstate.code.tex
File: pgfcoregraphicstate.code.tex 2023-01-15 v3.1.10 (3.1.10)
\pgflinewidth=\dimen261
) (/Users/lio/Library/TinyTeX/texmf-dist/tex/generic/pgf/basiclayer/pgfcoretransformations.code.tex
File: pgfcoretransformations.code.tex 2023-01-15 v3.1.10 (3.1.10)
\pgf@pt@x=\dimen262
\pgf@pt@y=\dimen263
\pgf@pt@temp=\dimen264
) (/Users/lio/Library/TinyTeX/texmf-dist/tex/generic/pgf/basiclayer/pgfcorequick.code.tex
File: pgfcorequick.code.tex 2023-01-15 v3.1.10 (3.1.10)
) (/Users/lio/Library/TinyTeX/texmf-dist/tex/generic/pgf/basiclayer/pgfcoreobjects.code.tex
File: pgfcoreobjects.code.tex 2023-01-15 v3.1.10 (3.1.10)
) (/Users/lio/Library/TinyTeX/texmf-dist/tex/generic/pgf/basiclayer/pgfcorepathprocessing.code.tex
File: pgfcorepathprocessing.code.tex 2023-01-15 v3.1.10 (3.1.10)
) (/Users/lio/Library/TinyTeX/texmf-dist/tex/generic/pgf/basiclayer/pgfcorearrows.code.tex
File: pgfcorearrows.code.tex 2023-01-15 v3.1.10 (3.1.10)
\pgfarrowsep=\dimen265
) (/Users/lio/Library/TinyTeX/texmf-dist/tex/generic/pgf/basiclayer/pgfcoreshade.code.tex
File: pgfcoreshade.code.tex 2023-01-15 v3.1.10 (3.1.10)
\pgf@max=\dimen266
\pgf@sys@shading@range@num=\count296
\pgf@shadingcount=\count297
) (/Users/lio/Library/TinyTeX/texmf-dist/tex/generic/pgf/basiclayer/pgfcoreimage.code.tex
File: pgfcoreimage.code.tex 2023-01-15 v3.1.10 (3.1.10)
) (/Users/lio/Library/TinyTeX/texmf-dist/tex/generic/pgf/basiclayer/pgfcoreexternal.code.tex
File: pgfcoreexternal.code.tex 2023-01-15 v3.1.10 (3.1.10)
\pgfexternal@startupbox=\box65
) (/Users/lio/Library/TinyTeX/texmf-dist/tex/generic/pgf/basiclayer/pgfcorelayers.code.tex
File: pgfcorelayers.code.tex 2023-01-15 v3.1.10 (3.1.10)
) (/Users/lio/Library/TinyTeX/texmf-dist/tex/generic/pgf/basiclayer/pgfcoretransparency.code.tex
File: pgfcoretransparency.code.tex 2023-01-15 v3.1.10 (3.1.10)
) (/Users/lio/Library/TinyTeX/texmf-dist/tex/generic/pgf/basiclayer/pgfcorepatterns.code.tex
File: pgfcorepatterns.code.tex 2023-01-15 v3.1.10 (3.1.10)
) (/Users/lio/Library/TinyTeX/texmf-dist/tex/generic/pgf/basiclayer/pgfcorerdf.code.tex
File: pgfcorerdf.code.tex 2023-01-15 v3.1.10 (3.1.10)
))) (/Users/lio/Library/TinyTeX/texmf-dist/tex/latex/pgf/utilities/xxcolor.sty
Package: xxcolor 2003/10/24 ver 0.1
\XC@nummixins=\count298
\XC@countmixins=\count299
) (/Users/lio/Library/TinyTeX/texmf-dist/tex/latex/base/atbegshi-ltx.sty
Package: atbegshi-ltx 2021/01/10 v1.0c Emulation of the original atbegshi
package with kernel methods
) (/Users/lio/Library/TinyTeX/texmf-dist/tex/latex/hyperref/hyperref.sty
Package: hyperref 2023-11-26 v7.01g Hypertext links for LaTeX
(/Users/lio/Library/TinyTeX/texmf-dist/tex/generic/infwarerr/infwarerr.sty
Package: infwarerr 2019/12/03 v1.5 Providing info/warning/error messages (HO)
) (/Users/lio/Library/TinyTeX/texmf-dist/tex/latex/kvsetkeys/kvsetkeys.sty
Package: kvsetkeys 2022-10-05 v1.19 Key value parser (HO)
) (/Users/lio/Library/TinyTeX/texmf-dist/tex/generic/kvdefinekeys/kvdefinekeys.sty
Package: kvdefinekeys 2019-12-19 v1.6 Define keys (HO)
) (/Users/lio/Library/TinyTeX/texmf-dist/tex/generic/pdfescape/pdfescape.sty
Package: pdfescape 2019/12/09 v1.15 Implements pdfTeX's escape features (HO)
(/Users/lio/Library/TinyTeX/texmf-dist/tex/generic/ltxcmds/ltxcmds.sty
Package: ltxcmds 2023-12-04 v1.26 LaTeX kernel commands for general use (HO)
) (/Users/lio/Library/TinyTeX/texmf-dist/tex/generic/pdftexcmds/pdftexcmds.sty
Package: pdftexcmds 2020-06-27 v0.33 Utility functions of pdfTeX for LuaTeX (HO)
Package pdftexcmds Info: \pdf@primitive is available.
Package pdftexcmds Info: \pdf@ifprimitive is available.
Package pdftexcmds Info: \pdfdraftmode found.
)) (/Users/lio/Library/TinyTeX/texmf-dist/tex/latex/hycolor/hycolor.sty
Package: hycolor 2020-01-27 v1.10 Color options for hyperref/bookmark (HO)
) (/Users/lio/Library/TinyTeX/texmf-dist/tex/latex/letltxmacro/letltxmacro.sty
Package: letltxmacro 2019/12/03 v1.6 Let assignment for LaTeX macros (HO)
) (/Users/lio/Library/TinyTeX/texmf-dist/tex/latex/auxhook/auxhook.sty
Package: auxhook 2019-12-17 v1.6 Hooks for auxiliary files (HO)
) (/Users/lio/Library/TinyTeX/texmf-dist/tex/latex/hyperref/nameref.sty
Package: nameref 2023-11-26 v2.56 Cross-referencing by name of section
(/Users/lio/Library/TinyTeX/texmf-dist/tex/latex/refcount/refcount.sty
Package: refcount 2019/12/15 v3.6 Data extraction from label references (HO)
) (/Users/lio/Library/TinyTeX/texmf-dist/tex/generic/gettitlestring/gettitlestring.sty
Package: gettitlestring 2019/12/15 v1.6 Cleanup title references (HO)
(/Users/lio/Library/TinyTeX/texmf-dist/tex/latex/kvoptions/kvoptions.sty
Package: kvoptions 2022-06-15 v3.15 Key value format for package options (HO)
))
\c@section@level=\count300
)
\@linkdim=\dimen267
\Hy@linkcounter=\count301
\Hy@pagecounter=\count302
(/Users/lio/Library/TinyTeX/texmf-dist/tex/latex/hyperref/pd1enc.def
File: pd1enc.def 2023-11-26 v7.01g Hyperref: PDFDocEncoding definition (HO)
Now handling font encoding PD1 ...
... no UTF-8 mapping file for font encoding PD1
) (/Users/lio/Library/TinyTeX/texmf-dist/tex/generic/intcalc/intcalc.sty
Package: intcalc 2019/12/15 v1.3 Expandable calculations with integers (HO)
)
\Hy@SavedSpaceFactor=\count303
(/Users/lio/Library/TinyTeX/texmf-dist/tex/latex/hyperref/puenc.def
File: puenc.def 2023-11-26 v7.01g Hyperref: PDF Unicode definition (HO)
Now handling font encoding PU ...
... no UTF-8 mapping file for font encoding PU
)
Package hyperref Info: Option `unicode' set `true' on input line 4064.
Package hyperref Info: Option `bookmarks' set `true' on input line 4064.
Package hyperref Info: Option `bookmarksopen' set `true' on input line 4064.
Package hyperref Info: Option `implicit' set `false' on input line 4064.
Package hyperref Info: Hyper figures OFF on input line 4181.
Package hyperref Info: Link nesting OFF on input line 4186.
Package hyperref Info: Hyper index ON on input line 4189.
Package hyperref Info: Plain pages OFF on input line 4196.
Package hyperref Info: Backreferencing OFF on input line 4201.
Package hyperref Info: Implicit mode OFF; no redefinition of LaTeX internals.
Package hyperref Info: Bookmarks ON on input line 4448.
\c@Hy@tempcnt=\count304
(/Users/lio/Library/TinyTeX/texmf-dist/tex/latex/url/url.sty
\Urlmuskip=\muskip16
Package: url 2013/09/16  ver 3.4  Verb mode for urls, etc.
)
LaTeX Info: Redefining \url on input line 4786.
\XeTeXLinkMargin=\dimen268
(/Users/lio/Library/TinyTeX/texmf-dist/tex/generic/bitset/bitset.sty
Package: bitset 2019/12/09 v1.3 Handle bit-vector datatype (HO)
(/Users/lio/Library/TinyTeX/texmf-dist/tex/generic/bigintcalc/bigintcalc.sty
Package: bigintcalc 2019/12/15 v1.5 Expandable calculations on big integers (HO)
))
\Fld@menulength=\count305
\Field@Width=\dimen269
\Fld@charsize=\dimen270
Package hyperref Info: Hyper figures OFF on input line 6065.
Package hyperref Info: Link nesting OFF on input line 6070.
Package hyperref Info: Hyper index ON on input line 6073.
Package hyperref Info: backreferencing OFF on input line 6080.
Package hyperref Info: Link coloring OFF on input line 6085.
Package hyperref Info: Link coloring with OCG OFF on input line 6090.
Package hyperref Info: PDF/A mode OFF on input line 6095.
\Hy@abspage=\count306

Package hyperref Message: Stopped early.

)
Package hyperref Info: Driver (autodetected): hpdftex.
(/Users/lio/Library/TinyTeX/texmf-dist/tex/latex/hyperref/hpdftex.def
File: hpdftex.def 2023-11-26 v7.01g Hyperref driver for pdfTeX
(/Users/lio/Library/TinyTeX/texmf-dist/tex/latex/base/atveryend-ltx.sty
Package: atveryend-ltx 2020/08/19 v1.0a Emulation of the original atveryend package
with kernel methods
)
\Fld@listcount=\count307
\c@bookmark@seq@number=\count308
(/Users/lio/Library/TinyTeX/texmf-dist/tex/latex/rerunfilecheck/rerunfilecheck.sty
Package: rerunfilecheck 2022-07-10 v1.10 Rerun checks for auxiliary files (HO)
(/Users/lio/Library/TinyTeX/texmf-dist/tex/generic/uniquecounter/uniquecounter.sty
Package: uniquecounter 2019/12/15 v1.4 Provide unlimited unique counter (HO)
)
Package uniquecounter Info: New unique counter `rerunfilecheck' on input line 285.
)) (/Users/lio/Library/TinyTeX/texmf-dist/tex/latex/beamer/beamerbaserequires.sty (/Users/lio/Library/TinyTeX/texmf-dist/tex/latex/beamer/beamerbasecompatibility.sty) (/Users/lio/Library/TinyTeX/texmf-dist/tex/latex/beamer/beamerbasefont.sty (/Users/lio/Library/TinyTeX/texmf-dist/tex/latex/amsfonts/amssymb.sty
Package: amssymb 2013/01/14 v3.01 AMS font symbols
(/Users/lio/Library/TinyTeX/texmf-dist/tex/latex/amsfonts/amsfonts.sty
Package: amsfonts 2013/01/14 v3.01 Basic AMSFonts support
\@emptytoks=\toks29
\symAMSa=\mathgroup4
\symAMSb=\mathgroup5
LaTeX Font Info:    Redeclaring math symbol \hbar on input line 98.
LaTeX Font Info:    Overwriting math alphabet `\mathfrak' in version `bold'
(Font)                  U/euf/m/n --> U/euf/b/n on input line 106.
))) (/Users/lio/Library/TinyTeX/texmf-dist/tex/latex/beamer/beamerbasetranslator.sty (/Users/lio/Library/TinyTeX/texmf-dist/tex/latex/translator/translator.sty
Package: translator 2021-05-31 v1.12d Easy translation of strings in LaTeX
)) (/Users/lio/Library/TinyTeX/texmf-dist/tex/latex/beamer/beamerbasemisc.sty) (/Users/lio/Library/TinyTeX/texmf-dist/tex/latex/beamer/beamerbasetwoscreens.sty) (/Users/lio/Library/TinyTeX/texmf-dist/tex/latex/beamer/beamerbaseoverlay.sty
\beamer@argscount=\count309
\beamer@lastskipcover=\skip51
\beamer@trivlistdepth=\count310
) (/Users/lio/Library/TinyTeX/texmf-dist/tex/latex/beamer/beamerbasetitle.sty) (/Users/lio/Library/TinyTeX/texmf-dist/tex/latex/beamer/beamerbasesection.sty
\c@lecture=\count311
\c@part=\count312
\c@section=\count313
\c@subsection=\count314
\c@subsubsection=\count315
) (/Users/lio/Library/TinyTeX/texmf-dist/tex/latex/beamer/beamerbaseframe.sty
\beamer@framebox=\box66
\beamer@frametitlebox=\box67
\beamer@zoombox=\box68
\beamer@zoomcount=\count316
\beamer@zoomframecount=\count317
\beamer@frametextheight=\dimen271
\c@subsectionslide=\count318
\beamer@frametopskip=\skip52
\beamer@framebottomskip=\skip53
\beamer@frametopskipautobreak=\skip54
\beamer@framebottomskipautobreak=\skip55
\beamer@envbody=\toks30
\framewidth=\dimen272
\c@framenumber=\count319
) (/Users/lio/Library/TinyTeX/texmf-dist/tex/latex/beamer/beamerbaseverbatim.sty
\beamer@verbatimfileout=\write4
) (/Users/lio/Library/TinyTeX/texmf-dist/tex/latex/beamer/beamerbaseframesize.sty
\beamer@splitbox=\box69
\beamer@autobreakcount=\count320
\beamer@autobreaklastheight=\dimen273
\beamer@frametitletoks=\toks31
\beamer@framesubtitletoks=\toks32
) (/Users/lio/Library/TinyTeX/texmf-dist/tex/latex/beamer/beamerbaseframecomponents.sty
\beamer@footins=\box70
) (/Users/lio/Library/TinyTeX/texmf-dist/tex/latex/beamer/beamerbasecolor.sty) (/Users/lio/Library/TinyTeX/texmf-dist/tex/latex/beamer/beamerbasenotes.sty
\beamer@frameboxcopy=\box71
) (/Users/lio/Library/TinyTeX/texmf-dist/tex/latex/beamer/beamerbasetoc.sty) (/Users/lio/Library/TinyTeX/texmf-dist/tex/latex/beamer/beamerbasetemplates.sty
\beamer@sbttoks=\toks33
(/Users/lio/Library/TinyTeX/texmf-dist/tex/latex/beamer/beamerbaseauxtemplates.sty (/Users/lio/Library/TinyTeX/texmf-dist/tex/latex/beamer/beamerbaseboxes.sty
\bmb@box=\box72
\bmb@colorbox=\box73
\bmb@boxwidth=\dimen274
\bmb@boxheight=\dimen275
\bmb@prevheight=\dimen276
\bmb@temp=\dimen277
\bmb@dima=\dimen278
\bmb@dimb=\dimen279
\bmb@prevheight=\dimen280
)
\beamer@blockheadheight=\dimen281
)) (/Users/lio/Library/TinyTeX/texmf-dist/tex/latex/beamer/beamerbaselocalstructure.sty (/Users/lio/Library/TinyTeX/texmf-dist/tex/latex/tools/enumerate.sty
Package: enumerate 2023/07/04 v3.00 enumerate extensions (DPC)
\@enLab=\toks34
)
\beamer@bibiconwidth=\skip56
\c@figure=\count321
\c@table=\count322
\abovecaptionskip=\skip57
\belowcaptionskip=\skip58
) (/Users/lio/Library/TinyTeX/texmf-dist/tex/latex/beamer/beamerbasenavigation.sty (/Users/lio/Library/TinyTeX/texmf-dist/tex/latex/beamer/beamerbasenavigationsymbols.tex)
\beamer@section@min@dim=\dimen282
) (/Users/lio/Library/TinyTeX/texmf-dist/tex/latex/beamer/beamerbasetheorems.sty (/Users/lio/Library/TinyTeX/texmf-dist/tex/latex/amsmath/amsmath.sty
Package: amsmath 2023/05/13 v2.17o AMS math features
\@mathmargin=\skip59
For additional information on amsmath, use the `?' option.
(/Users/lio/Library/TinyTeX/texmf-dist/tex/latex/amsmath/amstext.sty
Package: amstext 2021/08/26 v2.01 AMS text
(/Users/lio/Library/TinyTeX/texmf-dist/tex/latex/amsmath/amsgen.sty
File: amsgen.sty 1999/11/30 v2.0 generic functions
\@emptytoks=\toks35
\ex@=\dimen283
)) (/Users/lio/Library/TinyTeX/texmf-dist/tex/latex/amsmath/amsbsy.sty
Package: amsbsy 1999/11/29 v1.2d Bold Symbols
\pmbraise@=\dimen284
) (/Users/lio/Library/TinyTeX/texmf-dist/tex/latex/amsmath/amsopn.sty
Package: amsopn 2022/04/08 v2.04 operator names
)
\inf@bad=\count323
LaTeX Info: Redefining \frac on input line 234.
\uproot@=\count324
\leftroot@=\count325
LaTeX Info: Redefining \overline on input line 399.
LaTeX Info: Redefining \colon on input line 410.
\classnum@=\count326
\DOTSCASE@=\count327
LaTeX Info: Redefining \ldots on input line 496.
LaTeX Info: Redefining \dots on input line 499.
LaTeX Info: Redefining \cdots on input line 620.
\Mathstrutbox@=\box74
\strutbox@=\box75
LaTeX Info: Redefining \big on input line 722.
LaTeX Info: Redefining \Big on input line 723.
LaTeX Info: Redefining \bigg on input line 724.
LaTeX Info: Redefining \Bigg on input line 725.
\big@size=\dimen285
LaTeX Font Info:    Redeclaring font encoding OML on input line 743.
LaTeX Font Info:    Redeclaring font encoding OMS on input line 744.
\macc@depth=\count328
LaTeX Info: Redefining \bmod on input line 905.
LaTeX Info: Redefining \pmod on input line 910.
LaTeX Info: Redefining \smash on input line 940.
LaTeX Info: Redefining \relbar on input line 970.
LaTeX Info: Redefining \Relbar on input line 971.
\c@MaxMatrixCols=\count329
\dotsspace@=\muskip17
\c@parentequation=\count330
\dspbrk@lvl=\count331
\tag@help=\toks36
\row@=\count332
\column@=\count333
\maxfields@=\count334
\andhelp@=\toks37
\eqnshift@=\dimen286
\alignsep@=\dimen287
\tagshift@=\dimen288
\tagwidth@=\dimen289
\totwidth@=\dimen290
\lineht@=\dimen291
\@envbody=\toks38
\multlinegap=\skip60
\multlinetaggap=\skip61
\mathdisplay@stack=\toks39
LaTeX Info: Redefining \[ on input line 2953.
LaTeX Info: Redefining \] on input line 2954.
) (/Users/lio/Library/TinyTeX/texmf-dist/tex/latex/amscls/amsthm.sty
Package: amsthm 2020/05/29 v2.20.6
\thm@style=\toks40
\thm@bodyfont=\toks41
\thm@headfont=\toks42
\thm@notefont=\toks43
\thm@headpunct=\toks44
\thm@preskip=\skip62
\thm@postskip=\skip63
\thm@headsep=\skip64
\dth@everypar=\toks45
)
\c@theorem=\count335
) (/Users/lio/Library/TinyTeX/texmf-dist/tex/latex/beamer/beamerbasethemes.sty)) (/Users/lio/Library/TinyTeX/texmf-dist/tex/latex/beamer/beamerthemedefault.sty (/Users/lio/Library/TinyTeX/texmf-dist/tex/latex/beamer/beamerfontthemedefault.sty) (/Users/lio/Library/TinyTeX/texmf-dist/tex/latex/beamer/beamercolorthemedefault.sty) (/Users/lio/Library/TinyTeX/texmf-dist/tex/latex/beamer/beamerinnerthemedefault.sty
\beamer@dima=\dimen292
\beamer@dimb=\dimen293
) (/Users/lio/Library/TinyTeX/texmf-dist/tex/latex/beamer/beamerouterthemedefault.sty))) (/Users/lio/Library/TinyTeX/texmf-dist/tex/latex/pgf/utilities/pgfpages.sty
Package: pgfpages 2011/01/05 ver 0.02
(/Users/lio/Library/TinyTeX/texmf-dist/tex/latex/tools/calc.sty
Package: calc 2023/07/08 v4.3 Infix arithmetic (KKT,FJ)
\calc@Acount=\count336
\calc@Bcount=\count337
\calc@Adimen=\dimen294
\calc@Bdimen=\dimen295
\calc@Askip=\skip65
\calc@Bskip=\skip66
LaTeX Info: Redefining \setlength on input line 80.
LaTeX Info: Redefining \addtolength on input line 81.
\calc@Ccount=\count338
\calc@Cskip=\skip67
)
\pgf@logicalpages=\count339
\pgf@firstshipout=\count340
\pgf@lastshipout=\count341
\pgf@currentshipout=\count342
\pgf@cpn=\count343
\pgf@shipoutnextto=\count344
\pgfphysicalheight=\dimen296
\pgfphysicalwidth=\dimen297
\pgfpages@shipoutbox=\box76
) (/Users/lio/Library/TinyTeX/texmf-dist/tex/latex/lm/lmodern.sty
Package: lmodern 2015/05/01 v1.6.1 Latin Modern Fonts
LaTeX Font Info:    Overwriting symbol font `operators' in version `normal'
(Font)                  OT1/cmr/m/n --> OT1/lmr/m/n on input line 22.
LaTeX Font Info:    Overwriting symbol font `letters' in version `normal'
(Font)                  OML/cmm/m/it --> OML/lmm/m/it on input line 23.
LaTeX Font Info:    Overwriting symbol font `symbols' in version `normal'
(Font)                  OMS/cmsy/m/n --> OMS/lmsy/m/n on input line 24.
LaTeX Font Info:    Overwriting symbol font `largesymbols' in version `normal'
(Font)                  OMX/cmex/m/n --> OMX/lmex/m/n on input line 25.
LaTeX Font Info:    Overwriting symbol font `operators' in version `bold'
(Font)                  OT1/cmr/bx/n --> OT1/lmr/bx/n on input line 26.
LaTeX Font Info:    Overwriting symbol font `letters' in version `bold'
(Font)                  OML/cmm/b/it --> OML/lmm/b/it on input line 27.
LaTeX Font Info:    Overwriting symbol font `symbols' in version `bold'
(Font)                  OMS/cmsy/b/n --> OMS/lmsy/b/n on input line 28.
LaTeX Font Info:    Overwriting symbol font `largesymbols' in version `bold'
(Font)                  OMX/cmex/m/n --> OMX/lmex/m/n on input line 29.
LaTeX Font Info:    Overwriting math alphabet `\mathbf' in version `normal'
(Font)                  OT1/cmr/bx/n --> OT1/lmr/bx/n on input line 31.
LaTeX Font Info:    Overwriting math alphabet `\mathsf' in version `normal'
(Font)                  OT1/cmss/m/n --> OT1/lmss/m/n on input line 32.
LaTeX Font Info:    Overwriting math alphabet `\mathit' in version `normal'
(Font)                  OT1/cmr/m/it --> OT1/lmr/m/it on input line 33.
LaTeX Font Info:    Overwriting math alphabet `\mathtt' in version `normal'
(Font)                  OT1/cmtt/m/n --> OT1/lmtt/m/n on input line 34.
LaTeX Font Info:    Overwriting math alphabet `\mathbf' in version `bold'
(Font)                  OT1/cmr/bx/n --> OT1/lmr/bx/n on input line 35.
LaTeX Font Info:    Overwriting math alphabet `\mathsf' in version `bold'
(Font)                  OT1/cmss/bx/n --> OT1/lmss/bx/n on input line 36.
LaTeX Font Info:    Overwriting math alphabet `\mathit' in version `bold'
(Font)                  OT1/cmr/bx/it --> OT1/lmr/bx/it on input line 37.
LaTeX Font Info:    Overwriting math alphabet `\mathtt' in version `bold'
(Font)                  OT1/cmtt/m/n --> OT1/lmtt/m/n on input line 38.
) (/Users/lio/Library/TinyTeX/texmf-dist/tex/latex/base/fontenc.sty
Package: fontenc 2021/04/29 v2.0v Standard LaTeX package
LaTeX Font Info:    Trying to load font information for T1+lmss on input line 112.
(/Users/lio/Library/TinyTeX/texmf-dist/tex/latex/lm/t1lmss.fd
File: t1lmss.fd 2015/05/01 v1.6.1 Font defs for Latin Modern
)) (/Users/lio/Library/TinyTeX/texmf-dist/tex/latex/base/inputenc.sty
Package: inputenc 2021/02/14 v1.3d Input encoding file
\inpenc@prehook=\toks46
\inpenc@posthook=\toks47
) (/Users/lio/Library/TinyTeX/texmf-dist/tex/latex/base/textcomp.sty
Package: textcomp 2020/02/02 v2.0n Standard LaTeX package
) (/Users/lio/Library/TinyTeX/texmf-dist/tex/latex/fancyvrb/fancyvrb.sty
Package: fancyvrb 2023/11/06 4.5b verbatim text (tvz,hv)
\FV@CodeLineNo=\count345
\FV@InFile=\read3
\FV@TabBox=\box77
\c@FancyVerbLine=\count346
\FV@StepNumber=\count347
\FV@OutFile=\write5
) (/Users/lio/Library/TinyTeX/texmf-dist/tex/latex/framed/framed.sty
Package: framed 2011/10/22 v 0.96: framed or shaded text with page breaks
\OuterFrameSep=\skip68
\fb@frw=\dimen298
\fb@frh=\dimen299
\FrameRule=\dimen300
\FrameSep=\dimen301
) (/Users/lio/Library/TinyTeX/texmf-dist/tex/latex/tools/longtable.sty
Package: longtable 2023-11-01 v4.19 Multi-page Table package (DPC)
\LTleft=\skip69
\LTright=\skip70
\LTpre=\skip71
\LTpost=\skip72
\LTchunksize=\count348
\LTcapwidth=\dimen302
\LT@head=\box78
\LT@firsthead=\box79
\LT@foot=\box80
\LT@lastfoot=\box81
\LT@gbox=\box82
\LT@cols=\count349
\LT@rows=\count350
\c@LT@tables=\count351
\c@LT@chunks=\count352
\LT@p@ftn=\toks48
) (/Users/lio/Library/TinyTeX/texmf-dist/tex/latex/booktabs/booktabs.sty
Package: booktabs 2020/01/12 v1.61803398 Publication quality tables
\heavyrulewidth=\dimen303
\lightrulewidth=\dimen304
\cmidrulewidth=\dimen305
\belowrulesep=\dimen306
\belowbottomsep=\dimen307
\aboverulesep=\dimen308
\abovetopsep=\dimen309
\cmidrulesep=\dimen310
\cmidrulekern=\dimen311
\defaultaddspace=\dimen312
\@cmidla=\count353
\@cmidlb=\count354
\@aboverulesep=\dimen313
\@belowrulesep=\dimen314
\@thisruleclass=\count355
\@lastruleclass=\count356
\@thisrulewidth=\dimen315
) (/Users/lio/Library/TinyTeX/texmf-dist/tex/latex/tools/array.sty
Package: array 2023/10/16 v2.5g Tabular extension package (FMi)
\col@sep=\dimen316
\ar@mcellbox=\box83
\extrarowheight=\dimen317
\NC@list=\toks49
\extratabsurround=\skip73
\backup@length=\skip74
\ar@cellbox=\box84
) (/Users/lio/Library/TinyTeX/texmf-dist/tex/latex/caption/caption.sty
Package: caption 2023/08/05 v3.6o Customizing captions (AR)
(/Users/lio/Library/TinyTeX/texmf-dist/tex/latex/caption/caption3.sty
Package: caption3 2023/07/31 v2.4d caption3 kernel (AR)
\caption@tempdima=\dimen318
\captionmargin=\dimen319
\caption@leftmargin=\dimen320
\caption@rightmargin=\dimen321
\caption@width=\dimen322
\caption@indent=\dimen323
\caption@parindent=\dimen324
\caption@hangindent=\dimen325
Package caption Info: beamer document class detected.
(/Users/lio/Library/TinyTeX/texmf-dist/tex/latex/caption/caption-beamer.sto
File: caption-beamer.sto 2022/01/06 v2.0c Adaption of the caption package to the beamer document classes (AR)
))
\c@caption@flags=\count357
\c@continuedfloat=\count358
Package caption Info: hyperref package is loaded.
Package caption Info: Hyperref support is turned off
(caption)             because hyperref has stopped early.
Package caption Info: longtable package is loaded.
(/Users/lio/Library/TinyTeX/texmf-dist/tex/latex/caption/ltcaption.sty
Package: ltcaption 2021/01/08 v1.4c longtable captions (AR)
)) (/Users/lio/Library/TinyTeX/texmf-dist/tex/latex/l3backend/l3backend-pdftex.def
File: l3backend-pdftex.def 2024-01-04 L3 backend support: PDF output (pdfTeX)
\l__color_backend_stack_int=\count359
\l__pdf_internal_box=\box85
) (./Intro_aR_2023_presentacion.aux

LaTeX Warning: Label `id' multiply defined.


LaTeX Warning: Label `id' multiply defined.

)
\openout1 = `Intro_aR_2023_presentacion.aux'.

LaTeX Font Info:    Checking defaults for OML/cmm/m/it on input line 157.
LaTeX Font Info:    ... okay on input line 157.
LaTeX Font Info:    Checking defaults for OMS/cmsy/m/n on input line 157.
LaTeX Font Info:    ... okay on input line 157.
LaTeX Font Info:    Checking defaults for OT1/cmr/m/n on input line 157.
LaTeX Font Info:    ... okay on input line 157.
LaTeX Font Info:    Checking defaults for T1/cmr/m/n on input line 157.
LaTeX Font Info:    ... okay on input line 157.
LaTeX Font Info:    Checking defaults for TS1/cmr/m/n on input line 157.
LaTeX Font Info:    ... okay on input line 157.
LaTeX Font Info:    Checking defaults for OMX/cmex/m/n on input line 157.
LaTeX Font Info:    ... okay on input line 157.
LaTeX Font Info:    Checking defaults for U/cmr/m/n on input line 157.
LaTeX Font Info:    ... okay on input line 157.
LaTeX Font Info:    Checking defaults for PD1/pdf/m/n on input line 157.
LaTeX Font Info:    ... okay on input line 157.
LaTeX Font Info:    Checking defaults for PU/pdf/m/n on input line 157.
LaTeX Font Info:    ... okay on input line 157.
*geometry* driver: auto-detecting
*geometry* detected driver: pdftex
*geometry* verbose mode - [ preamble ] result:
* driver: pdftex
* paper: custom
* layout: <same size as paper>
* layoutoffset:(h,v)=(0.0pt,0.0pt)
* modes: includehead includefoot 
* h-part:(L,W,R)=(28.45274pt, 307.28987pt, 28.45274pt)
* v-part:(T,H,B)=(0.0pt, 273.14662pt, 0.0pt)
* \paperwidth=364.19536pt
* \paperheight=273.14662pt
* \textwidth=307.28987pt
* \textheight=244.6939pt
* \oddsidemargin=-43.81725pt
* \evensidemargin=-43.81725pt
* \topmargin=-72.26999pt
* \headheight=14.22636pt
* \headsep=0.0pt
* \topskip=11.0pt
* \footskip=14.22636pt
* \marginparwidth=4.0pt
* \marginparsep=10.0pt
* \columnsep=10.0pt
* \skip\footins=10.0pt plus 4.0pt minus 2.0pt
* \hoffset=0.0pt
* \voffset=0.0pt
* \mag=1000
* \@twocolumnfalse
* \@twosidefalse
* \@mparswitchfalse
* \@reversemarginfalse
* (1in=72.27pt=25.4mm, 1cm=28.453pt)

(/Users/lio/Library/TinyTeX/texmf-dist/tex/latex/epstopdf-pkg/epstopdf-base.sty
Package: epstopdf-base 2020-01-24 v2.11 Base part for package epstopdf
Package epstopdf-base Info: Redefining graphics rule for `.eps' on input line 485.
(/Users/lio/Library/TinyTeX/texmf-dist/tex/latex/latexconfig/epstopdf-sys.cfg
File: epstopdf-sys.cfg 2010/07/13 v1.3 Configuration of (r)epstopdf for TeX Live
))
Package hyperref Info: Link coloring OFF on input line 157.
(./Intro_aR_2023_presentacion.out) (./Intro_aR_2023_presentacion.out)
\@outlinefile=\write6
\openout6 = `Intro_aR_2023_presentacion.out'.

LaTeX Font Info:    Overwriting symbol font `operators' in version `normal'
(Font)                  OT1/lmr/m/n --> OT1/cmss/m/n on input line 157.
LaTeX Font Info:    Overwriting symbol font `operators' in version `bold'
(Font)                  OT1/lmr/bx/n --> OT1/cmss/b/n on input line 157.
LaTeX Font Info:    Overwriting symbol font `operators' in version `normal'
(Font)                  OT1/cmss/m/n --> OT1/lmss/m/n on input line 157.
LaTeX Font Info:    Overwriting symbol font `operators' in version `bold'
(Font)                  OT1/cmss/b/n --> OT1/lmss/b/n on input line 157.
\symnumbers=\mathgroup6
\sympureletters=\mathgroup7
LaTeX Font Info:    Overwriting math alphabet `\mathrm' in version `normal'
(Font)                  OT1/lmss/m/n --> T1/lmr/m/n on input line 157.
LaTeX Font Info:    Redeclaring math alphabet \mathbf on input line 157.
LaTeX Font Info:    Overwriting math alphabet `\mathbf' in version `normal'
(Font)                  OT1/lmr/bx/n --> T1/lmss/b/n on input line 157.
LaTeX Font Info:    Overwriting math alphabet `\mathbf' in version `bold'
(Font)                  OT1/lmr/bx/n --> T1/lmss/b/n on input line 157.
LaTeX Font Info:    Redeclaring math alphabet \mathsf on input line 157.
LaTeX Font Info:    Overwriting math alphabet `\mathsf' in version `normal'
(Font)                  OT1/lmss/m/n --> T1/lmss/m/n on input line 157.
LaTeX Font Info:    Overwriting math alphabet `\mathsf' in version `bold'
(Font)                  OT1/lmss/bx/n --> T1/lmss/m/n on input line 157.
LaTeX Font Info:    Redeclaring math alphabet \mathit on input line 157.
LaTeX Font Info:    Overwriting math alphabet `\mathit' in version `normal'
(Font)                  OT1/lmr/m/it --> T1/lmss/m/it on input line 157.
LaTeX Font Info:    Overwriting math alphabet `\mathit' in version `bold'
(Font)                  OT1/lmr/bx/it --> T1/lmss/m/it on input line 157.
LaTeX Font Info:    Redeclaring math alphabet \mathtt on input line 157.
LaTeX Font Info:    Overwriting math alphabet `\mathtt' in version `normal'
(Font)                  OT1/lmtt/m/n --> T1/lmtt/m/n on input line 157.
LaTeX Font Info:    Overwriting math alphabet `\mathtt' in version `bold'
(Font)                  OT1/lmtt/m/n --> T1/lmtt/m/n on input line 157.
LaTeX Font Info:    Overwriting symbol font `numbers' in version `bold'
(Font)                  T1/lmss/m/n --> T1/lmss/b/n on input line 157.
LaTeX Font Info:    Overwriting symbol font `pureletters' in version `bold'
(Font)                  T1/lmss/m/it --> T1/lmss/b/it on input line 157.
LaTeX Font Info:    Overwriting math alphabet `\mathrm' in version `bold'
(Font)                  OT1/lmss/b/n --> T1/lmr/b/n on input line 157.
LaTeX Font Info:    Overwriting math alphabet `\mathbf' in version `bold'
(Font)                  T1/lmss/b/n --> T1/lmss/b/n on input line 157.
LaTeX Font Info:    Overwriting math alphabet `\mathsf' in version `bold'
(Font)                  T1/lmss/m/n --> T1/lmss/b/n on input line 157.
LaTeX Font Info:    Overwriting math alphabet `\mathit' in version `bold'
(Font)                  T1/lmss/m/it --> T1/lmss/b/it on input line 157.
LaTeX Font Info:    Overwriting math alphabet `\mathtt' in version `bold'
(Font)                  T1/lmtt/m/n --> T1/lmtt/b/n on input line 157.
(/Users/lio/Library/TinyTeX/texmf-dist/tex/latex/translator/translator-basic-dictionary-English.dict
Dictionary: translator-basic-dictionary, Language: English 
) (/Users/lio/Library/TinyTeX/texmf-dist/tex/latex/translator/translator-bibliography-dictionary-English.dict
Dictionary: translator-bibliography-dictionary, Language: English 
) (/Users/lio/Library/TinyTeX/texmf-dist/tex/latex/translator/translator-environment-dictionary-English.dict
Dictionary: translator-environment-dictionary, Language: English 
) (/Users/lio/Library/TinyTeX/texmf-dist/tex/latex/translator/translator-months-dictionary-English.dict
Dictionary: translator-months-dictionary, Language: English 
) (/Users/lio/Library/TinyTeX/texmf-dist/tex/latex/translator/translator-numbers-dictionary-English.dict
Dictionary: translator-numbers-dictionary, Language: English 
) (/Users/lio/Library/TinyTeX/texmf-dist/tex/latex/translator/translator-theorem-dictionary-English.dict
Dictionary: translator-theorem-dictionary, Language: English 
)
Package caption Info: Begin \AtBeginDocument code.
Package caption Info: End \AtBeginDocument code.
(./Intro_aR_2023_presentacion.nav) [1

{/Users/lio/Library/TinyTeX/texmf-var/fonts/map/pdftex/updmap/pdftex.map}{/Users/lio/Library/TinyTeX/texmf-dist/fonts/enc/dvips/lm/lm-ec.enc}]
Overfull \vbox (78.83946pt too high) detected at line 192
 []

[2

]
\openout4 = `Intro_aR_2023_presentacion.vrb'.

(./Intro_aR_2023_presentacion.vrb
LaTeX Font Info:    Trying to load font information for OT1+lmss on input line 39.
(/Users/lio/Library/TinyTeX/texmf-dist/tex/latex/lm/ot1lmss.fd
File: ot1lmss.fd 2015/05/01 v1.6.1 Font defs for Latin Modern
)
LaTeX Font Info:    Trying to load font information for OML+lmm on input line 39.
(/Users/lio/Library/TinyTeX/texmf-dist/tex/latex/lm/omllmm.fd
File: omllmm.fd 2015/05/01 v1.6.1 Font defs for Latin Modern
)
LaTeX Font Info:    Trying to load font information for OMS+lmsy on input line 39.
(/Users/lio/Library/TinyTeX/texmf-dist/tex/latex/lm/omslmsy.fd
File: omslmsy.fd 2015/05/01 v1.6.1 Font defs for Latin Modern
)
LaTeX Font Info:    Trying to load font information for OMX+lmex on input line 39.
(/Users/lio/Library/TinyTeX/texmf-dist/tex/latex/lm/omxlmex.fd
File: omxlmex.fd 2015/05/01 v1.6.1 Font defs for Latin Modern
)
LaTeX Font Info:    External font `lmex10' loaded for size
(Font)              <10.95> on input line 39.
LaTeX Font Info:    External font `lmex10' loaded for size
(Font)              <8> on input line 39.
LaTeX Font Info:    External font `lmex10' loaded for size
(Font)              <6> on input line 39.
LaTeX Font Info:    Trying to load font information for U+msa on input line 39.
(/Users/lio/Library/TinyTeX/texmf-dist/tex/latex/amsfonts/umsa.fd
File: umsa.fd 2013/01/14 v3.01 AMS symbols A
)
LaTeX Font Info:    Trying to load font information for U+msb on input line 39.
(/Users/lio/Library/TinyTeX/texmf-dist/tex/latex/amsfonts/umsb.fd
File: umsb.fd 2013/01/14 v3.01 AMS symbols B
)
LaTeX Font Info:    Font shape `T1/lmss/m/it' in size <10.95> not available
(Font)              Font shape `T1/lmss/m/sl' tried instead on input line 39.
LaTeX Font Info:    Font shape `T1/lmss/m/it' in size <8> not available
(Font)              Font shape `T1/lmss/m/sl' tried instead on input line 39.
LaTeX Font Info:    Font shape `T1/lmss/m/it' in size <6> not available
(Font)              Font shape `T1/lmss/m/sl' tried instead on input line 39.
LaTeX Font Info:    Trying to load font information for T1+lmtt on input line 102.
(/Users/lio/Library/TinyTeX/texmf-dist/tex/latex/lm/t1lmtt.fd
File: t1lmtt.fd 2015/05/01 v1.6.1 Font defs for Latin Modern
)
<Imagenes/RStudio-pantalla.png, id=33, 1438.37375pt x 897.3525pt>
File: Imagenes/RStudio-pantalla.png Graphic file (type png)
<use Imagenes/RStudio-pantalla.png>
Package pdftex.def Info: Imagenes/RStudio-pantalla.png  used on input line 125.
(pdftex.def)             Requested size: 245.81522pt x 153.35576pt.
LaTeX Font Info:    External font `lmex10' loaded for size
(Font)              <10> on input line 125.
LaTeX Font Info:    External font `lmex10' loaded for size
(Font)              <7> on input line 125.
LaTeX Font Info:    External font `lmex10' loaded for size
(Font)              <5> on input line 125.
LaTeX Font Info:    Font shape `T1/lmss/m/it' in size <10> not available
(Font)              Font shape `T1/lmss/m/sl' tried instead on input line 125.
LaTeX Font Info:    Font shape `T1/lmss/m/it' in size <7> not available
(Font)              Font shape `T1/lmss/m/sl' tried instead on input line 125.
LaTeX Font Info:    Font shape `T1/lmss/m/it' in size <5> not available
(Font)              Font shape `T1/lmss/m/sl' tried instead on input line 125.
LaTeX Font Info:    Font shape `T1/lmtt/bx/n' in size <10.95> not available
(Font)              Font shape `T1/lmtt/b/n' tried instead on input line 139.

LaTeX Font Warning: Font shape `T1/lmtt/bx/it' in size <10.95> not available
(Font)              Font shape `T1/lmtt/b/sl' tried instead on input line 139.

<Imagenes/Paquetes.jpeg, id=37, 850.17625pt x 981.6675pt>
File: Imagenes/Paquetes.jpeg Graphic file (type jpg)
<use Imagenes/Paquetes.jpeg>
Package pdftex.def Info: Imagenes/Paquetes.jpeg  used on input line 167.
(pdftex.def)             Requested size: 93.23427pt x 107.65422pt.
)
Overfull \vbox (1373.55751pt too high) detected at line 382
 []

[3


pdfTeX warning (ext4): destination with the same identifier (name{id}) has been already used, duplicate ignored
<argument> ...shipout:D \box_use:N \l_shipout_box 
                                                  \__shipout_drop_firstpage_...
l.382 \end{frame}
                 
pdfTeX warning (ext4): destination with the same identifier (name{id}) has been already used, duplicate ignored
<argument> ...shipout:D \box_use:N \l_shipout_box 
                                                  \__shipout_drop_firstpage_...
l.382 \end{frame}
                 
pdfTeX warning (ext4): destination with the same identifier (name{id}) has been already used, duplicate ignored
<argument> ...shipout:D \box_use:N \l_shipout_box 
                                                  \__shipout_drop_firstpage_...
l.382 \end{frame}
                  <./Imagenes/RStudio-pantalla.png> <./Imagenes/Paquetes.jpeg>]
\openout4 = `Intro_aR_2023_presentacion.vrb'.

(./Intro_aR_2023_presentacion.vrb
Overfull \hbox (37.63414pt too wide) in paragraph at lines 279--279
[]\T1/lmtt/m/n/10.95 ## [1] 19.59184 22.22222 20.93664 24.93075 31.37799 19.73630[] 
 []

)
Overfull \vbox (2335.40364pt too high) detected at line 757
 []

[4

]
\openout4 = `Intro_aR_2023_presentacion.vrb'.

(./Intro_aR_2023_presentacion.vrb)
Overfull \vbox (1469.30568pt too high) detected at line 956
 []

[5

]
\openout4 = `Intro_aR_2023_presentacion.vrb'.

(./Intro_aR_2023_presentacion.vrb
Overfull \hbox (169.85501pt too wide) in paragraph at lines 111--111
[]\T1/lmtt/m/n/10.95 ##  [1]   1   2 100   4   5   6   7   8   9  10  11  12  13  14  15  16  17  18  19[] 
 []


Overfull \hbox (169.85501pt too wide) in paragraph at lines 124--124
[]\T1/lmtt/m/n/10.95 ##  [1]   1 111 100 111   5   6   7   8   9  10  11  12  13  14  15  16  17  18  19[] 
 []


Overfull \hbox (77.87527pt too wide) in paragraph at lines 299--299
[]\T1/lmtt/m/n/10.95 ##     Sepal.Length Sepal.Width Petal.Length Petal.Width    Species[] 
 []


Overfull \hbox (77.87527pt too wide) in paragraph at lines 299--299
[]\T1/lmtt/m/n/10.95 ## 1            5.1         3.5          1.4         0.2     setosa[] 
 []


Overfull \hbox (77.87527pt too wide) in paragraph at lines 299--299
[]\T1/lmtt/m/n/10.95 ## 2            4.9         3.0          1.4         0.2     setosa[] 
 []


Overfull \hbox (77.87527pt too wide) in paragraph at lines 299--299
[]\T1/lmtt/m/n/10.95 ## 3            4.7         3.2          1.3         0.2     setosa[] 
 []


Overfull \hbox (77.87527pt too wide) in paragraph at lines 299--299
[]\T1/lmtt/m/n/10.95 ## 4            4.6         3.1          1.5         0.2     setosa[] 
 []


Overfull \hbox (77.87527pt too wide) in paragraph at lines 299--299
[]\T1/lmtt/m/n/10.95 ## 5            5.0         3.6          1.4         0.2     setosa[] 
 []


Overfull \hbox (77.87527pt too wide) in paragraph at lines 299--299
[]\T1/lmtt/m/n/10.95 ## 6            5.4         3.9          1.7         0.4     setosa[] 
 []


Overfull \hbox (77.87527pt too wide) in paragraph at lines 299--299
[]\T1/lmtt/m/n/10.95 ## 7            4.6         3.4          1.4         0.3     setosa[] 
 []


Overfull \hbox (77.87527pt too wide) in paragraph at lines 299--299
[]\T1/lmtt/m/n/10.95 ## 8            5.0         3.4          1.5         0.2     setosa[] 
 []


Overfull \hbox (77.87527pt too wide) in paragraph at lines 299--299
[]\T1/lmtt/m/n/10.95 ## 9            4.4         2.9          1.4         0.2     setosa[] 
 []


Overfull \hbox (77.87527pt too wide) in paragraph at lines 299--299
[]\T1/lmtt/m/n/10.95 ## 10           4.9         3.1          1.5         0.1     setosa[] 
 []


Overfull \hbox (77.87527pt too wide) in paragraph at lines 299--299
[]\T1/lmtt/m/n/10.95 ## 11           5.4         3.7          1.5         0.2     setosa[] 
 []


Overfull \hbox (77.87527pt too wide) in paragraph at lines 299--299
[]\T1/lmtt/m/n/10.95 ## 12           4.8         3.4          1.6         0.2     setosa[] 
 []


Overfull \hbox (77.87527pt too wide) in paragraph at lines 299--299
[]\T1/lmtt/m/n/10.95 ## 13           4.8         3.0          1.4         0.1     setosa[] 
 []


Overfull \hbox (77.87527pt too wide) in paragraph at lines 299--299
[]\T1/lmtt/m/n/10.95 ## 14           4.3         3.0          1.1         0.1     setosa[] 
 []


Overfull \hbox (77.87527pt too wide) in paragraph at lines 299--299
[]\T1/lmtt/m/n/10.95 ## 15           5.8         4.0          1.2         0.2     setosa[] 
 []


Overfull \hbox (77.87527pt too wide) in paragraph at lines 299--299
[]\T1/lmtt/m/n/10.95 ## 16           5.7         4.4          1.5         0.4     setosa[] 
 []


Overfull \hbox (77.87527pt too wide) in paragraph at lines 299--299
[]\T1/lmtt/m/n/10.95 ## 17           5.4         3.9          1.3         0.4     setosa[] 
 []


Overfull \hbox (77.87527pt too wide) in paragraph at lines 299--299
[]\T1/lmtt/m/n/10.95 ## 18           5.1         3.5          1.4         0.3     setosa[] 
 []


Overfull \hbox (77.87527pt too wide) in paragraph at lines 299--299
[]\T1/lmtt/m/n/10.95 ## 19           5.7         3.8          1.7         0.3     setosa[] 
 []


Overfull \hbox (77.87527pt too wide) in paragraph at lines 299--299
[]\T1/lmtt/m/n/10.95 ## 20           5.1         3.8          1.5         0.3     setosa[] 
 []


Overfull \hbox (77.87527pt too wide) in paragraph at lines 299--299
[]\T1/lmtt/m/n/10.95 ## 21           5.4         3.4          1.7         0.2     setosa[] 
 []


Overfull \hbox (77.87527pt too wide) in paragraph at lines 299--299
[]\T1/lmtt/m/n/10.95 ## 22           5.1         3.7          1.5         0.4     setosa[] 
 []


Overfull \hbox (77.87527pt too wide) in paragraph at lines 299--299
[]\T1/lmtt/m/n/10.95 ## 23           4.6         3.6          1.0         0.2     setosa[] 
 []


Overfull \hbox (77.87527pt too wide) in paragraph at lines 299--299
[]\T1/lmtt/m/n/10.95 ## 24           5.1         3.3          1.7         0.5     setosa[] 
 []


Overfull \hbox (77.87527pt too wide) in paragraph at lines 299--299
[]\T1/lmtt/m/n/10.95 ## 25           4.8         3.4          1.9         0.2     setosa[] 
 []


Overfull \hbox (77.87527pt too wide) in paragraph at lines 299--299
[]\T1/lmtt/m/n/10.95 ## 26           5.0         3.0          1.6         0.2     setosa[] 
 []


Overfull \hbox (77.87527pt too wide) in paragraph at lines 299--299
[]\T1/lmtt/m/n/10.95 ## 27           5.0         3.4          1.6         0.4     setosa[] 
 []


Overfull \hbox (77.87527pt too wide) in paragraph at lines 299--299
[]\T1/lmtt/m/n/10.95 ## 28           5.2         3.5          1.5         0.2     setosa[] 
 []


Overfull \hbox (77.87527pt too wide) in paragraph at lines 299--299
[]\T1/lmtt/m/n/10.95 ## 29           5.2         3.4          1.4         0.2     setosa[] 
 []


Overfull \hbox (77.87527pt too wide) in paragraph at lines 299--299
[]\T1/lmtt/m/n/10.95 ## 30           4.7         3.2          1.6         0.2     setosa[] 
 []


Overfull \hbox (77.87527pt too wide) in paragraph at lines 299--299
[]\T1/lmtt/m/n/10.95 ## 31           4.8         3.1          1.6         0.2     setosa[] 
 []


Overfull \hbox (77.87527pt too wide) in paragraph at lines 299--299
[]\T1/lmtt/m/n/10.95 ## 32           5.4         3.4          1.5         0.4     setosa[] 
 []


Overfull \hbox (77.87527pt too wide) in paragraph at lines 299--299
[]\T1/lmtt/m/n/10.95 ## 33           5.2         4.1          1.5         0.1     setosa[] 
 []


Overfull \hbox (77.87527pt too wide) in paragraph at lines 299--299
[]\T1/lmtt/m/n/10.95 ## 34           5.5         4.2          1.4         0.2     setosa[] 
 []


Overfull \hbox (77.87527pt too wide) in paragraph at lines 299--299
[]\T1/lmtt/m/n/10.95 ## 35           4.9         3.1          1.5         0.2     setosa[] 
 []


Overfull \hbox (77.87527pt too wide) in paragraph at lines 299--299
[]\T1/lmtt/m/n/10.95 ## 36           5.0         3.2          1.2         0.2     setosa[] 
 []


Overfull \hbox (77.87527pt too wide) in paragraph at lines 299--299
[]\T1/lmtt/m/n/10.95 ## 37           5.5         3.5          1.3         0.2     setosa[] 
 []


Overfull \hbox (77.87527pt too wide) in paragraph at lines 299--299
[]\T1/lmtt/m/n/10.95 ## 38           4.9         3.6          1.4         0.1     setosa[] 
 []


Overfull \hbox (77.87527pt too wide) in paragraph at lines 299--299
[]\T1/lmtt/m/n/10.95 ## 39           4.4         3.0          1.3         0.2     setosa[] 
 []


Overfull \hbox (77.87527pt too wide) in paragraph at lines 299--299
[]\T1/lmtt/m/n/10.95 ## 40           5.1         3.4          1.5         0.2     setosa[] 
 []


Overfull \hbox (77.87527pt too wide) in paragraph at lines 299--299
[]\T1/lmtt/m/n/10.95 ## 41           5.0         3.5          1.3         0.3     setosa[] 
 []


Overfull \hbox (77.87527pt too wide) in paragraph at lines 299--299
[]\T1/lmtt/m/n/10.95 ## 42           4.5         2.3          1.3         0.3     setosa[] 
 []


Overfull \hbox (77.87527pt too wide) in paragraph at lines 299--299
[]\T1/lmtt/m/n/10.95 ## 43           4.4         3.2          1.3         0.2     setosa[] 
 []


Overfull \hbox (77.87527pt too wide) in paragraph at lines 299--299
[]\T1/lmtt/m/n/10.95 ## 44           5.0         3.5          1.6         0.6     setosa[] 
 []


Overfull \hbox (77.87527pt too wide) in paragraph at lines 299--299
[]\T1/lmtt/m/n/10.95 ## 45           5.1         3.8          1.9         0.4     setosa[] 
 []


Overfull \hbox (77.87527pt too wide) in paragraph at lines 299--299
[]\T1/lmtt/m/n/10.95 ## 46           4.8         3.0          1.4         0.3     setosa[] 
 []


Overfull \hbox (77.87527pt too wide) in paragraph at lines 299--299
[]\T1/lmtt/m/n/10.95 ## 47           5.1         3.8          1.6         0.2     setosa[] 
 []


Overfull \hbox (77.87527pt too wide) in paragraph at lines 299--299
[]\T1/lmtt/m/n/10.95 ## 48           4.6         3.2          1.4         0.2     setosa[] 
 []


Overfull \hbox (77.87527pt too wide) in paragraph at lines 299--299
[]\T1/lmtt/m/n/10.95 ## 49           5.3         3.7          1.5         0.2     setosa[] 
 []


Overfull \hbox (77.87527pt too wide) in paragraph at lines 299--299
[]\T1/lmtt/m/n/10.95 ## 50           5.0         3.3          1.4         0.2     setosa[] 
 []


Overfull \hbox (77.87527pt too wide) in paragraph at lines 299--299
[]\T1/lmtt/m/n/10.95 ## 51           7.0         3.2          4.7         1.4 versicolor[] 
 []


Overfull \hbox (77.87527pt too wide) in paragraph at lines 299--299
[]\T1/lmtt/m/n/10.95 ## 52           6.4         3.2          4.5         1.5 versicolor[] 
 []


Overfull \hbox (77.87527pt too wide) in paragraph at lines 299--299
[]\T1/lmtt/m/n/10.95 ## 53           6.9         3.1          4.9         1.5 versicolor[] 
 []


Overfull \hbox (77.87527pt too wide) in paragraph at lines 299--299
[]\T1/lmtt/m/n/10.95 ## 54           5.5         2.3          4.0         1.3 versicolor[] 
 []


Overfull \hbox (77.87527pt too wide) in paragraph at lines 299--299
[]\T1/lmtt/m/n/10.95 ## 55           6.5         2.8          4.6         1.5 versicolor[] 
 []


Overfull \hbox (77.87527pt too wide) in paragraph at lines 299--299
[]\T1/lmtt/m/n/10.95 ## 56           5.7         2.8          4.5         1.3 versicolor[] 
 []


Overfull \hbox (77.87527pt too wide) in paragraph at lines 299--299
[]\T1/lmtt/m/n/10.95 ## 57           6.3         3.3          4.7         1.6 versicolor[] 
 []


Overfull \hbox (77.87527pt too wide) in paragraph at lines 299--299
[]\T1/lmtt/m/n/10.95 ## 58           4.9         2.4          3.3         1.0 versicolor[] 
 []


Overfull \hbox (77.87527pt too wide) in paragraph at lines 299--299
[]\T1/lmtt/m/n/10.95 ## 59           6.6         2.9          4.6         1.3 versicolor[] 
 []


Overfull \hbox (77.87527pt too wide) in paragraph at lines 299--299
[]\T1/lmtt/m/n/10.95 ## 60           5.2         2.7          3.9         1.4 versicolor[] 
 []


Overfull \hbox (77.87527pt too wide) in paragraph at lines 299--299
[]\T1/lmtt/m/n/10.95 ## 61           5.0         2.0          3.5         1.0 versicolor[] 
 []


Overfull \hbox (77.87527pt too wide) in paragraph at lines 299--299
[]\T1/lmtt/m/n/10.95 ## 62           5.9         3.0          4.2         1.5 versicolor[] 
 []


Overfull \hbox (77.87527pt too wide) in paragraph at lines 299--299
[]\T1/lmtt/m/n/10.95 ## 63           6.0         2.2          4.0         1.0 versicolor[] 
 []


Overfull \hbox (77.87527pt too wide) in paragraph at lines 299--299
[]\T1/lmtt/m/n/10.95 ## 64           6.1         2.9          4.7         1.4 versicolor[] 
 []


Overfull \hbox (77.87527pt too wide) in paragraph at lines 299--299
[]\T1/lmtt/m/n/10.95 ## 65           5.6         2.9          3.6         1.3 versicolor[] 
 []


Overfull \hbox (77.87527pt too wide) in paragraph at lines 299--299
[]\T1/lmtt/m/n/10.95 ## 66           6.7         3.1          4.4         1.4 versicolor[] 
 []


Overfull \hbox (77.87527pt too wide) in paragraph at lines 299--299
[]\T1/lmtt/m/n/10.95 ## 67           5.6         3.0          4.5         1.5 versicolor[] 
 []


Overfull \hbox (77.87527pt too wide) in paragraph at lines 299--299
[]\T1/lmtt/m/n/10.95 ## 68           5.8         2.7          4.1         1.0 versicolor[] 
 []


Overfull \hbox (77.87527pt too wide) in paragraph at lines 299--299
[]\T1/lmtt/m/n/10.95 ## 69           6.2         2.2          4.5         1.5 versicolor[] 
 []


Overfull \hbox (77.87527pt too wide) in paragraph at lines 299--299
[]\T1/lmtt/m/n/10.95 ## 70           5.6         2.5          3.9         1.1 versicolor[] 
 []


Overfull \hbox (77.87527pt too wide) in paragraph at lines 299--299
[]\T1/lmtt/m/n/10.95 ## 71           5.9         3.2          4.8         1.8 versicolor[] 
 []


Overfull \hbox (77.87527pt too wide) in paragraph at lines 299--299
[]\T1/lmtt/m/n/10.95 ## 72           6.1         2.8          4.0         1.3 versicolor[] 
 []


Overfull \hbox (77.87527pt too wide) in paragraph at lines 299--299
[]\T1/lmtt/m/n/10.95 ## 73           6.3         2.5          4.9         1.5 versicolor[] 
 []


Overfull \hbox (77.87527pt too wide) in paragraph at lines 299--299
[]\T1/lmtt/m/n/10.95 ## 74           6.1         2.8          4.7         1.2 versicolor[] 
 []


Overfull \hbox (77.87527pt too wide) in paragraph at lines 299--299
[]\T1/lmtt/m/n/10.95 ## 75           6.4         2.9          4.3         1.3 versicolor[] 
 []


Overfull \hbox (77.87527pt too wide) in paragraph at lines 299--299
[]\T1/lmtt/m/n/10.95 ## 76           6.6         3.0          4.4         1.4 versicolor[] 
 []


Overfull \hbox (77.87527pt too wide) in paragraph at lines 299--299
[]\T1/lmtt/m/n/10.95 ## 77           6.8         2.8          4.8         1.4 versicolor[] 
 []


Overfull \hbox (77.87527pt too wide) in paragraph at lines 299--299
[]\T1/lmtt/m/n/10.95 ## 78           6.7         3.0          5.0         1.7 versicolor[] 
 []


Overfull \hbox (77.87527pt too wide) in paragraph at lines 299--299
[]\T1/lmtt/m/n/10.95 ## 79           6.0         2.9          4.5         1.5 versicolor[] 
 []


Overfull \hbox (77.87527pt too wide) in paragraph at lines 299--299
[]\T1/lmtt/m/n/10.95 ## 80           5.7         2.6          3.5         1.0 versicolor[] 
 []


Overfull \hbox (77.87527pt too wide) in paragraph at lines 299--299
[]\T1/lmtt/m/n/10.95 ## 81           5.5         2.4          3.8         1.1 versicolor[] 
 []


Overfull \hbox (77.87527pt too wide) in paragraph at lines 299--299
[]\T1/lmtt/m/n/10.95 ## 82           5.5         2.4          3.7         1.0 versicolor[] 
 []


Overfull \hbox (77.87527pt too wide) in paragraph at lines 299--299
[]\T1/lmtt/m/n/10.95 ## 83           5.8         2.7          3.9         1.2 versicolor[] 
 []


Overfull \hbox (77.87527pt too wide) in paragraph at lines 299--299
[]\T1/lmtt/m/n/10.95 ## 84           6.0         2.7          5.1         1.6 versicolor[] 
 []


Overfull \hbox (77.87527pt too wide) in paragraph at lines 299--299
[]\T1/lmtt/m/n/10.95 ## 85           5.4         3.0          4.5         1.5 versicolor[] 
 []


Overfull \hbox (77.87527pt too wide) in paragraph at lines 299--299
[]\T1/lmtt/m/n/10.95 ## 86           6.0         3.4          4.5         1.6 versicolor[] 
 []


Overfull \hbox (77.87527pt too wide) in paragraph at lines 299--299
[]\T1/lmtt/m/n/10.95 ## 87           6.7         3.1          4.7         1.5 versicolor[] 
 []


Overfull \hbox (77.87527pt too wide) in paragraph at lines 299--299
[]\T1/lmtt/m/n/10.95 ## 88           6.3         2.3          4.4         1.3 versicolor[] 
 []


Overfull \hbox (77.87527pt too wide) in paragraph at lines 299--299
[]\T1/lmtt/m/n/10.95 ## 89           5.6         3.0          4.1         1.3 versicolor[] 
 []


Overfull \hbox (77.87527pt too wide) in paragraph at lines 299--299
[]\T1/lmtt/m/n/10.95 ## 90           5.5         2.5          4.0         1.3 versicolor[] 
 []


Overfull \hbox (77.87527pt too wide) in paragraph at lines 299--299
[]\T1/lmtt/m/n/10.95 ## 91           5.5         2.6          4.4         1.2 versicolor[] 
 []


Overfull \hbox (77.87527pt too wide) in paragraph at lines 299--299
[]\T1/lmtt/m/n/10.95 ## 92           6.1         3.0          4.6         1.4 versicolor[] 
 []


Overfull \hbox (77.87527pt too wide) in paragraph at lines 299--299
[]\T1/lmtt/m/n/10.95 ## 93           5.8         2.6          4.0         1.2 versicolor[] 
 []


Overfull \hbox (77.87527pt too wide) in paragraph at lines 299--299
[]\T1/lmtt/m/n/10.95 ## 94           5.0         2.3          3.3         1.0 versicolor[] 
 []


Overfull \hbox (77.87527pt too wide) in paragraph at lines 299--299
[]\T1/lmtt/m/n/10.95 ## 95           5.6         2.7          4.2         1.3 versicolor[] 
 []


Overfull \hbox (77.87527pt too wide) in paragraph at lines 299--299
[]\T1/lmtt/m/n/10.95 ## 96           5.7         3.0          4.2         1.2 versicolor[] 
 []


Overfull \hbox (77.87527pt too wide) in paragraph at lines 299--299
[]\T1/lmtt/m/n/10.95 ## 97           5.7         2.9          4.2         1.3 versicolor[] 
 []


Overfull \hbox (77.87527pt too wide) in paragraph at lines 299--299
[]\T1/lmtt/m/n/10.95 ## 98           6.2         2.9          4.3         1.3 versicolor[] 
 []


Overfull \hbox (77.87527pt too wide) in paragraph at lines 299--299
[]\T1/lmtt/m/n/10.95 ## 99           5.1         2.5          3.0         1.1 versicolor[] 
 []


Overfull \hbox (77.87527pt too wide) in paragraph at lines 299--299
[]\T1/lmtt/m/n/10.95 ## 100          5.7         2.8          4.1         1.3 versicolor[] 
 []


Overfull \hbox (77.87527pt too wide) in paragraph at lines 299--299
[]\T1/lmtt/m/n/10.95 ## 101          6.3         3.3          6.0         2.5  virginica[] 
 []


Overfull \hbox (77.87527pt too wide) in paragraph at lines 299--299
[]\T1/lmtt/m/n/10.95 ## 102          5.8         2.7          5.1         1.9  virginica[] 
 []


Overfull \hbox (77.87527pt too wide) in paragraph at lines 299--299
[]\T1/lmtt/m/n/10.95 ## 103          7.1         3.0          5.9         2.1  virginica[] 
 []


Overfull \hbox (77.87527pt too wide) in paragraph at lines 299--299
[]\T1/lmtt/m/n/10.95 ## 104          6.3         2.9          5.6         1.8  virginica[] 
 []


Overfull \hbox (77.87527pt too wide) in paragraph at lines 299--299
[]\T1/lmtt/m/n/10.95 ## 105          6.5         3.0          5.8         2.2  virginica[] 
 []


Overfull \hbox (77.87527pt too wide) in paragraph at lines 299--299
[]\T1/lmtt/m/n/10.95 ## 106          7.6         3.0          6.6         2.1  virginica[] 
 []


Overfull \hbox (77.87527pt too wide) in paragraph at lines 299--299
[]\T1/lmtt/m/n/10.95 ## 107          4.9         2.5          4.5         1.7  virginica[] 
 []


Overfull \hbox (77.87527pt too wide) in paragraph at lines 299--299
[]\T1/lmtt/m/n/10.95 ## 108          7.3         2.9          6.3         1.8  virginica[] 
 []


Overfull \hbox (77.87527pt too wide) in paragraph at lines 299--299
[]\T1/lmtt/m/n/10.95 ## 109          6.7         2.5          5.8         1.8  virginica[] 
 []


Overfull \hbox (77.87527pt too wide) in paragraph at lines 299--299
[]\T1/lmtt/m/n/10.95 ## 110          7.2         3.6          6.1         2.5  virginica[] 
 []


Overfull \hbox (77.87527pt too wide) in paragraph at lines 299--299
[]\T1/lmtt/m/n/10.95 ## 111          6.5         3.2          5.1         2.0  virginica[] 
 []


Overfull \hbox (77.87527pt too wide) in paragraph at lines 299--299
[]\T1/lmtt/m/n/10.95 ## 112          6.4         2.7          5.3         1.9  virginica[] 
 []


Overfull \hbox (77.87527pt too wide) in paragraph at lines 299--299
[]\T1/lmtt/m/n/10.95 ## 113          6.8         3.0          5.5         2.1  virginica[] 
 []


Overfull \hbox (77.87527pt too wide) in paragraph at lines 299--299
[]\T1/lmtt/m/n/10.95 ## 114          5.7         2.5          5.0         2.0  virginica[] 
 []


Overfull \hbox (77.87527pt too wide) in paragraph at lines 299--299
[]\T1/lmtt/m/n/10.95 ## 115          5.8         2.8          5.1         2.4  virginica[] 
 []


Overfull \hbox (77.87527pt too wide) in paragraph at lines 299--299
[]\T1/lmtt/m/n/10.95 ## 116          6.4         3.2          5.3         2.3  virginica[] 
 []


Overfull \hbox (77.87527pt too wide) in paragraph at lines 299--299
[]\T1/lmtt/m/n/10.95 ## 117          6.5         3.0          5.5         1.8  virginica[] 
 []


Overfull \hbox (77.87527pt too wide) in paragraph at lines 299--299
[]\T1/lmtt/m/n/10.95 ## 118          7.7         3.8          6.7         2.2  virginica[] 
 []


Overfull \hbox (77.87527pt too wide) in paragraph at lines 299--299
[]\T1/lmtt/m/n/10.95 ## 119          7.7         2.6          6.9         2.3  virginica[] 
 []


Overfull \hbox (77.87527pt too wide) in paragraph at lines 299--299
[]\T1/lmtt/m/n/10.95 ## 120          6.0         2.2          5.0         1.5  virginica[] 
 []


Overfull \hbox (77.87527pt too wide) in paragraph at lines 299--299
[]\T1/lmtt/m/n/10.95 ## 121          6.9         3.2          5.7         2.3  virginica[] 
 []


Overfull \hbox (77.87527pt too wide) in paragraph at lines 299--299
[]\T1/lmtt/m/n/10.95 ## 122          5.6         2.8          4.9         2.0  virginica[] 
 []


Overfull \hbox (77.87527pt too wide) in paragraph at lines 299--299
[]\T1/lmtt/m/n/10.95 ## 123          7.7         2.8          6.7         2.0  virginica[] 
 []


Overfull \hbox (77.87527pt too wide) in paragraph at lines 299--299
[]\T1/lmtt/m/n/10.95 ## 124          6.3         2.7          4.9         1.8  virginica[] 
 []


Overfull \hbox (77.87527pt too wide) in paragraph at lines 299--299
[]\T1/lmtt/m/n/10.95 ## 125          6.7         3.3          5.7         2.1  virginica[] 
 []


Overfull \hbox (77.87527pt too wide) in paragraph at lines 299--299
[]\T1/lmtt/m/n/10.95 ## 126          7.2         3.2          6.0         1.8  virginica[] 
 []


Overfull \hbox (77.87527pt too wide) in paragraph at lines 299--299
[]\T1/lmtt/m/n/10.95 ## 127          6.2         2.8          4.8         1.8  virginica[] 
 []


Overfull \hbox (77.87527pt too wide) in paragraph at lines 299--299
[]\T1/lmtt/m/n/10.95 ## 128          6.1         3.0          4.9         1.8  virginica[] 
 []


Overfull \hbox (77.87527pt too wide) in paragraph at lines 299--299
[]\T1/lmtt/m/n/10.95 ## 129          6.4         2.8          5.6         2.1  virginica[] 
 []


Overfull \hbox (77.87527pt too wide) in paragraph at lines 299--299
[]\T1/lmtt/m/n/10.95 ## 130          7.2         3.0          5.8         1.6  virginica[] 
 []


Overfull \hbox (77.87527pt too wide) in paragraph at lines 299--299
[]\T1/lmtt/m/n/10.95 ## 131          7.4         2.8          6.1         1.9  virginica[] 
 []


Overfull \hbox (77.87527pt too wide) in paragraph at lines 299--299
[]\T1/lmtt/m/n/10.95 ## 132          7.9         3.8          6.4         2.0  virginica[] 
 []


Overfull \hbox (77.87527pt too wide) in paragraph at lines 299--299
[]\T1/lmtt/m/n/10.95 ## 133          6.4         2.8          5.6         2.2  virginica[] 
 []


Overfull \hbox (77.87527pt too wide) in paragraph at lines 299--299
[]\T1/lmtt/m/n/10.95 ## 134          6.3         2.8          5.1         1.5  virginica[] 
 []


Overfull \hbox (77.87527pt too wide) in paragraph at lines 299--299
[]\T1/lmtt/m/n/10.95 ## 135          6.1         2.6          5.6         1.4  virginica[] 
 []


Overfull \hbox (77.87527pt too wide) in paragraph at lines 299--299
[]\T1/lmtt/m/n/10.95 ## 136          7.7         3.0          6.1         2.3  virginica[] 
 []


Overfull \hbox (77.87527pt too wide) in paragraph at lines 299--299
[]\T1/lmtt/m/n/10.95 ## 137          6.3         3.4          5.6         2.4  virginica[] 
 []


Overfull \hbox (77.87527pt too wide) in paragraph at lines 299--299
[]\T1/lmtt/m/n/10.95 ## 138          6.4         3.1          5.5         1.8  virginica[] 
 []


Overfull \hbox (77.87527pt too wide) in paragraph at lines 299--299
[]\T1/lmtt/m/n/10.95 ## 139          6.0         3.0          4.8         1.8  virginica[] 
 []


Overfull \hbox (77.87527pt too wide) in paragraph at lines 299--299
[]\T1/lmtt/m/n/10.95 ## 140          6.9         3.1          5.4         2.1  virginica[] 
 []


Overfull \hbox (77.87527pt too wide) in paragraph at lines 299--299
[]\T1/lmtt/m/n/10.95 ## 141          6.7         3.1          5.6         2.4  virginica[] 
 []


Overfull \hbox (77.87527pt too wide) in paragraph at lines 299--299
[]\T1/lmtt/m/n/10.95 ## 142          6.9         3.1          5.1         2.3  virginica[] 
 []


Overfull \hbox (77.87527pt too wide) in paragraph at lines 299--299
[]\T1/lmtt/m/n/10.95 ## 143          5.8         2.7          5.1         1.9  virginica[] 
 []


Overfull \hbox (77.87527pt too wide) in paragraph at lines 299--299
[]\T1/lmtt/m/n/10.95 ## 144          6.8         3.2          5.9         2.3  virginica[] 
 []


Overfull \hbox (77.87527pt too wide) in paragraph at lines 299--299
[]\T1/lmtt/m/n/10.95 ## 145          6.7         3.3          5.7         2.5  virginica[] 
 []


Overfull \hbox (77.87527pt too wide) in paragraph at lines 299--299
[]\T1/lmtt/m/n/10.95 ## 146          6.7         3.0          5.2         2.3  virginica[] 
 []


Overfull \hbox (77.87527pt too wide) in paragraph at lines 299--299
[]\T1/lmtt/m/n/10.95 ## 147          6.3         2.5          5.0         1.9  virginica[] 
 []


Overfull \hbox (77.87527pt too wide) in paragraph at lines 299--299
[]\T1/lmtt/m/n/10.95 ## 148          6.5         3.0          5.2         2.0  virginica[] 
 []


Overfull \hbox (77.87527pt too wide) in paragraph at lines 299--299
[]\T1/lmtt/m/n/10.95 ## 149          6.2         3.4          5.4         2.3  virginica[] 
 []


Overfull \hbox (77.87527pt too wide) in paragraph at lines 299--299
[]\T1/lmtt/m/n/10.95 ## 150          5.9         3.0          5.1         1.8  virginica[] 
 []


pdfTeX warning (ext4): destination with the same identifier (name{id}) has been already used, duplicate ignored
<to be read again> 
                   \relax 
l.309 }
       
<Imagenes/iris.png, id=101, 1279.78125pt x 478.78876pt>
File: Imagenes/iris.png Graphic file (type png)
<use Imagenes/iris.png>
Package pdftex.def Info: Imagenes/iris.png  used on input line 309.
(pdftex.def)             Requested size: 276.5536pt x 103.46358pt.

pdfTeX warning (ext4): destination with the same identifier (name{id}) has been already used, duplicate ignored
<to be read again> 
                   \relax 
l.309 }
       
Overfull \hbox (49.1316pt too wide) in paragraph at lines 356--356
[]\T1/lmtt/m/n/10.95 ##   Sepal.Length Sepal.Width Petal.Length Petal.Width Species[] 
 []


Overfull \hbox (49.1316pt too wide) in paragraph at lines 356--356
[]\T1/lmtt/m/n/10.95 ## 1          5.1         3.5          1.4         0.2  setosa[] 
 []


Overfull \hbox (152.60881pt too wide) in paragraph at lines 407--407
[]\T1/lmtt/m/n/10.95 ##   [1] FALSE FALSE FALSE FALSE FALSE FALSE FALSE FALSE FALSE FALSE FALSE FALSE[] 
 []


Overfull \hbox (152.60881pt too wide) in paragraph at lines 407--407
[]\T1/lmtt/m/n/10.95 ##  [13] FALSE FALSE FALSE FALSE FALSE FALSE FALSE FALSE FALSE FALSE FALSE FALSE[] 
 []


Overfull \hbox (152.60881pt too wide) in paragraph at lines 407--407
[]\T1/lmtt/m/n/10.95 ##  [25] FALSE FALSE FALSE FALSE FALSE FALSE FALSE FALSE FALSE FALSE FALSE FALSE[] 
 []


Overfull \hbox (152.60881pt too wide) in paragraph at lines 407--407
[]\T1/lmtt/m/n/10.95 ##  [37] FALSE FALSE FALSE FALSE FALSE FALSE FALSE FALSE FALSE FALSE FALSE FALSE[] 
 []


Overfull \hbox (152.60881pt too wide) in paragraph at lines 407--407
[]\T1/lmtt/m/n/10.95 ##  [49] FALSE FALSE  TRUE  TRUE  TRUE FALSE  TRUE FALSE  TRUE FALSE  TRUE FALSE[] 
 []


Overfull \hbox (152.60881pt too wide) in paragraph at lines 407--407
[]\T1/lmtt/m/n/10.95 ##  [61] FALSE FALSE FALSE  TRUE FALSE  TRUE FALSE FALSE  TRUE FALSE FALSE  TRUE[] 
 []


Overfull \hbox (152.60881pt too wide) in paragraph at lines 407--407
[]\T1/lmtt/m/n/10.95 ##  [73]  TRUE  TRUE  TRUE  TRUE  TRUE  TRUE FALSE FALSE FALSE FALSE FALSE FALSE[] 
 []


Overfull \hbox (152.60881pt too wide) in paragraph at lines 407--407
[]\T1/lmtt/m/n/10.95 ##  [85] FALSE FALSE  TRUE  TRUE FALSE FALSE FALSE  TRUE FALSE FALSE FALSE FALSE[] 
 []


Overfull \hbox (152.60881pt too wide) in paragraph at lines 407--407
[]\T1/lmtt/m/n/10.95 ##  [97] FALSE  TRUE FALSE FALSE  TRUE FALSE  TRUE  TRUE  TRUE  TRUE FALSE  TRUE[] 
 []


Overfull \hbox (152.60881pt too wide) in paragraph at lines 407--407
[]\T1/lmtt/m/n/10.95 ## [109]  TRUE  TRUE  TRUE  TRUE  TRUE FALSE FALSE  TRUE  TRUE  TRUE  TRUE FALSE[] 
 []


Overfull \hbox (152.60881pt too wide) in paragraph at lines 407--407
[]\T1/lmtt/m/n/10.95 ## [121]  TRUE FALSE  TRUE  TRUE  TRUE  TRUE  TRUE  TRUE  TRUE  TRUE  TRUE  TRUE[] 
 []


Overfull \hbox (152.60881pt too wide) in paragraph at lines 407--407
[]\T1/lmtt/m/n/10.95 ## [133]  TRUE  TRUE  TRUE  TRUE  TRUE  TRUE FALSE  TRUE  TRUE  TRUE FALSE  TRUE[] 
 []


Overfull \hbox (169.85501pt too wide) in paragraph at lines 420--420
[]\T1/lmtt/m/n/10.95 ##  [1] 7.0 6.4 6.9 6.5 6.3 6.6 6.1 6.7 6.2 6.1 6.3 6.1 6.4 6.6 6.8 6.7 6.7 6.3 6.1[] 
 []


Overfull \hbox (169.85501pt too wide) in paragraph at lines 420--420
[]\T1/lmtt/m/n/10.95 ## [20] 6.2 6.3 7.1 6.3 6.5 7.6 7.3 6.7 7.2 6.5 6.4 6.8 6.4 6.5 7.7 7.7 6.9 7.7 6.3[] 
 []


Overfull \hbox (169.85501pt too wide) in paragraph at lines 420--420
[]\T1/lmtt/m/n/10.95 ## [39] 6.7 7.2 6.2 6.1 6.4 7.2 7.4 7.9 6.4 6.3 6.1 7.7 6.3 6.4 6.9 6.7 6.9 6.8 6.7[] 
 []


Overfull \hbox (169.85501pt too wide) in paragraph at lines 435--435
[]\T1/lmtt/m/n/10.95 ##  [1] 5.1 6.0 5.1 5.9 5.6 5.8 6.6 6.3 5.8 6.1 5.1 5.3 5.5 5.1 5.3 5.5 6.7 6.9 5.7[] 
 []


Overfull \hbox (169.85501pt too wide) in paragraph at lines 435--435
[]\T1/lmtt/m/n/10.95 ## [20] 6.7 5.7 6.0 5.6 5.8 6.1 6.4 5.6 5.1 5.6 6.1 5.6 5.5 5.4 5.6 5.1 5.1 5.9 5.7[] 
 []


Overfull \hbox (89.37274pt too wide) in paragraph at lines 508--508
[]\T1/lmtt/m/n/10.95 ## [1] 1.000000 1.333333 1.666667 2.000000 2.333333 2.666667 3.000000[] 
 []


Overfull \hbox (77.87527pt too wide) in paragraph at lines 528--528
[]\T1/lmtt/m/n/10.95 ##  [1] 1 1 1 1 1 1 1 1 1 1 1 1 1 1 1 1 1 1 1 1 1 1 1 1 1 1 1 1 1 1[] 
 []


Overfull \hbox (77.87527pt too wide) in paragraph at lines 538--538
[]\T1/lmtt/m/n/10.95 ##  [1] 1 2 3 1 2 3 1 2 3 1 2 3 1 2 3 1 2 3 1 2 3 1 2 3 1 2 3 1 2 3[] 
 []


Overfull \hbox (146.86008pt too wide) in paragraph at lines 559--559
[]\T1/lmtt/m/n/10.95 ##  [1] 3.201481 3.012188 4.266900 3.228188 3.317845 2.991593 1.892044 1.984307[] 
 []


Overfull \hbox (146.86008pt too wide) in paragraph at lines 559--559
[]\T1/lmtt/m/n/10.95 ##  [9] 2.999816 2.046193 2.578583 3.392110 2.633926 4.811345 2.029042 2.515498[] 
 []


Overfull \hbox (146.86008pt too wide) in paragraph at lines 559--559
[]\T1/lmtt/m/n/10.95 ## [17] 1.802711 2.681456 3.757189 3.569333 3.865041 3.443979 2.374825 3.442927[] 
 []


Overfull \hbox (146.86008pt too wide) in paragraph at lines 559--559
[]\T1/lmtt/m/n/10.95 ## [25] 3.647647 3.536006 2.581803 3.397417 3.976813 4.327858 2.951402 1.870180[] 
 []


Overfull \hbox (146.86008pt too wide) in paragraph at lines 559--559
[]\T1/lmtt/m/n/10.95 ## [33] 2.614328 1.304744 2.716714 1.624978 2.470546 3.304412 2.711231 2.880976[] 
 []


Overfull \hbox (146.86008pt too wide) in paragraph at lines 559--559
[]\T1/lmtt/m/n/10.95 ## [41] 2.877608 2.903281 2.544988 4.233866 3.929505 3.125057 2.778716 2.279699[] 
 []

<Intro_aR_2023_presentacion_files/figure-beamer/unnamed-chunk-29-1.pdf, id=104, 722.7pt x 505.89pt>
File: Intro_aR_2023_presentacion_files/figure-beamer/unnamed-chunk-29-1.pdf Graphic file (type pdf)
<use Intro_aR_2023_presentacion_files/figure-beamer/unnamed-chunk-29-1.pdf>
Package pdftex.def Info: Intro_aR_2023_presentacion_files/figure-beamer/unnamed-chunk-29-1.pdf  used on input line 570.
(pdftex.def)             Requested size: 307.2923pt x 215.1046pt.
<Intro_aR_2023_presentacion_files/figure-beamer/unnamed-chunk-30-1.pdf, id=105, 722.7pt x 505.89pt>
File: Intro_aR_2023_presentacion_files/figure-beamer/unnamed-chunk-30-1.pdf Graphic file (type pdf)
<use Intro_aR_2023_presentacion_files/figure-beamer/unnamed-chunk-30-1.pdf>
Package pdftex.def Info: Intro_aR_2023_presentacion_files/figure-beamer/unnamed-chunk-30-1.pdf  used on input line 581.
(pdftex.def)             Requested size: 307.2923pt x 215.1046pt.
<Intro_aR_2023_presentacion_files/figure-beamer/unnamed-chunk-31-1.pdf, id=106, 722.7pt x 505.89pt>
File: Intro_aR_2023_presentacion_files/figure-beamer/unnamed-chunk-31-1.pdf Graphic file (type pdf)
<use Intro_aR_2023_presentacion_files/figure-beamer/unnamed-chunk-31-1.pdf>
Package pdftex.def Info: Intro_aR_2023_presentacion_files/figure-beamer/unnamed-chunk-31-1.pdf  used on input line 592.
(pdftex.def)             Requested size: 307.2923pt x 215.1046pt.
<Intro_aR_2023_presentacion_files/figure-beamer/unnamed-chunk-32-1.pdf, id=107, 722.7pt x 505.89pt>
File: Intro_aR_2023_presentacion_files/figure-beamer/unnamed-chunk-32-1.pdf Graphic file (type pdf)
<use Intro_aR_2023_presentacion_files/figure-beamer/unnamed-chunk-32-1.pdf>
Package pdftex.def Info: Intro_aR_2023_presentacion_files/figure-beamer/unnamed-chunk-32-1.pdf  used on input line 605.
(pdftex.def)             Requested size: 307.2923pt x 215.1046pt.
<Intro_aR_2023_presentacion_files/figure-beamer/unnamed-chunk-33-1.pdf, id=108, 722.7pt x 505.89pt>
File: Intro_aR_2023_presentacion_files/figure-beamer/unnamed-chunk-33-1.pdf Graphic file (type pdf)
<use Intro_aR_2023_presentacion_files/figure-beamer/unnamed-chunk-33-1.pdf>
Package pdftex.def Info: Intro_aR_2023_presentacion_files/figure-beamer/unnamed-chunk-33-1.pdf  used on input line 618.
(pdftex.def)             Requested size: 307.2923pt x 215.1046pt.
)
Overfull \vbox (6245.40335pt too high) detected at line 1577
 []

[6

 <./Imagenes/iris.png> <./Intro_aR_2023_presentacion_files/figure-beamer/unnamed-chunk-29-1.pdf> <./Intro_aR_2023_presentacion_files/figure-beamer/unnamed-chunk-30-1.pdf> <./Intro_aR_2023_presentacion_files/figure-beamer/unnamed-chunk-31-1.pdf> <./Intro_aR_2023_presentacion_files/figure-beamer/unnamed-chunk-32-1.pdf> <./Intro_aR_2023_presentacion_files/figure-beamer/unnamed-chunk-33-1.pdf>]
\openout4 = `Intro_aR_2023_presentacion.vrb'.

(./Intro_aR_2023_presentacion.vrb
<Imagenes/tidyverse2.png, id=161, 920.43875pt x 886.31125pt>
File: Imagenes/tidyverse2.png Graphic file (type png)
<use Imagenes/tidyverse2.png>
Package pdftex.def Info: Imagenes/tidyverse2.png  used on input line 6.
(pdftex.def)             Requested size: 111.79617pt x 107.65106pt.
)
Overfull \vbox (660.60147pt too high) detected at line 1671
 []

[7

 <./Imagenes/tidyverse2.png>]
\openout4 = `Intro_aR_2023_presentacion.vrb'.

(./Intro_aR_2023_presentacion.vrb
Overfull \hbox (146.86008pt too wide) in paragraph at lines 56--56
[]\T1/lmtt/m/n/10.95 ##     Departamento  1998  1999  2001  2002  2003  2004  2005  2006  2007  2008[] 
 []


Overfull \hbox (146.86008pt too wide) in paragraph at lines 56--56
[]\T1/lmtt/m/n/10.95 ## 1  Alto Paraguay    NA    NA    NA    NA    NA    NA    NA    NA    NA    NA[] 
 []


Overfull \hbox (146.86008pt too wide) in paragraph at lines 56--56
[]\T1/lmtt/m/n/10.95 ## 2    Alto Parana 3.467 2.716 2.829 2.345 2.392 2.512 2.511 2.136 2.649 2.760[] 
 []


Overfull \hbox (146.86008pt too wide) in paragraph at lines 56--56
[]\T1/lmtt/m/n/10.95 ## 3        Amambay    NA    NA    NA    NA 1.545 1.633    NA    NA    NA    NA[] 
 []


Overfull \hbox (146.86008pt too wide) in paragraph at lines 56--56
[]\T1/lmtt/m/n/10.95 ## 4       Asuncion 3.964 3.772 3.660 2.978 3.248 3.251 2.978 3.171 2.943 2.749[] 
 []


Overfull \hbox (146.86008pt too wide) in paragraph at lines 56--56
[]\T1/lmtt/m/n/10.95 ## 5       Boqueron    NA    NA    NA    NA    NA    NA    NA    NA    NA    NA[] 
 []


Overfull \hbox (146.86008pt too wide) in paragraph at lines 56--56
[]\T1/lmtt/m/n/10.95 ## 6       Caaguazu 1.398 1.488 1.484 1.480 1.734 1.444 1.325 1.336 1.355 1.545[] 
 []


Overfull \hbox (146.86008pt too wide) in paragraph at lines 56--56
[]\T1/lmtt/m/n/10.95 ## 7        Caazapa    NA    NA    NA    NA 1.334 1.195    NA    NA    NA    NA[] 
 []


Overfull \hbox (146.86008pt too wide) in paragraph at lines 56--56
[]\T1/lmtt/m/n/10.95 ## 8      Canindeyu    NA    NA    NA    NA 2.013 1.871    NA    NA    NA    NA[] 
 []


Overfull \hbox (146.86008pt too wide) in paragraph at lines 56--56
[]\T1/lmtt/m/n/10.95 ## 9        Central 2.886 2.624 2.385 1.905 1.959 1.879 2.003 1.956 1.934 2.073[] 
 []


Overfull \hbox (146.86008pt too wide) in paragraph at lines 56--56
[]\T1/lmtt/m/n/10.95 ## 10    Concepcion    NA    NA    NA    NA 1.504 1.619    NA    NA    NA    NA[] 
 []


Overfull \hbox (146.86008pt too wide) in paragraph at lines 56--56
[]\T1/lmtt/m/n/10.95 ## 11    Cordillera    NA    NA    NA    NA 1.317 1.074    NA    NA    NA    NA[] 
 []


Overfull \hbox (146.86008pt too wide) in paragraph at lines 56--56
[]\T1/lmtt/m/n/10.95 ## 12        Guaira    NA    NA    NA    NA 1.209 1.309    NA    NA    NA    NA[] 
 []


Overfull \hbox (146.86008pt too wide) in paragraph at lines 56--56
[]\T1/lmtt/m/n/10.95 ## 13        Itapua 2.071 2.277 1.576 1.356 1.868 2.141 1.726 1.477 1.403 2.050[] 
 []


Overfull \hbox (146.86008pt too wide) in paragraph at lines 56--56
[]\T1/lmtt/m/n/10.95 ## 14      Misiones    NA    NA    NA    NA 1.394 1.039    NA    NA    NA    NA[] 
 []


Overfull \hbox (146.86008pt too wide) in paragraph at lines 56--56
[]\T1/lmtt/m/n/10.95 ## 15      Neembucu    NA    NA    NA    NA 1.006 1.006    NA    NA    NA    NA[] 
 []


Overfull \hbox (146.86008pt too wide) in paragraph at lines 56--56
[]\T1/lmtt/m/n/10.95 ## 16     Paraguari    NA    NA    NA    NA 1.150 1.150    NA    NA    NA    NA[] 
 []


Overfull \hbox (146.86008pt too wide) in paragraph at lines 56--56
[]\T1/lmtt/m/n/10.95 ## 17    Pte. Hayes    NA    NA    NA    NA    NA    NA    NA    NA    NA    NA[] 
 []


Overfull \hbox (146.86008pt too wide) in paragraph at lines 56--56
[]\T1/lmtt/m/n/10.95 ## 18     San Pedro 1.056 1.114 1.230 1.244 1.290 1.260 1.537 1.342 1.447 1.534[] 
 []


Overfull \hbox (66.3778pt too wide) in paragraph at lines 56--56
[]\T1/lmtt/m/n/10.95 ##     2009  2010  2011  2012  2013  2014  2015  2016  2017  2018[] 
 []


Overfull \hbox (66.3778pt too wide) in paragraph at lines 56--56
[]\T1/lmtt/m/n/10.95 ## 1     NA    NA    NA    NA    NA    NA 2.190 2.317 1.950    NA[] 
 []


Overfull \hbox (66.3778pt too wide) in paragraph at lines 56--56
[]\T1/lmtt/m/n/10.95 ## 2  2.332 2.734 2.863 2.476 2.572 2.887 2.813 2.622 2.664 2.663[] 
 []


Overfull \hbox (66.3778pt too wide) in paragraph at lines 56--56
[]\T1/lmtt/m/n/10.95 ## 3     NA    NA    NA    NA    NA    NA 2.232 2.580 2.422    NA[] 
 []


Overfull \hbox (66.3778pt too wide) in paragraph at lines 56--56
[]\T1/lmtt/m/n/10.95 ## 4  2.688 3.115 3.385 3.274 3.890 4.241 4.300 3.889 4.343 3.529[] 
 []


Overfull \hbox (66.3778pt too wide) in paragraph at lines 56--56
[]\T1/lmtt/m/n/10.95 ## 5     NA    NA    NA    NA    NA    NA 5.159 4.443 4.060    NA[] 
 []


Overfull \hbox (66.3778pt too wide) in paragraph at lines 56--56
[]\T1/lmtt/m/n/10.95 ## 6  1.786 1.658 1.438 1.553 1.934 2.727 1.706 1.762 2.479 1.921[] 
 []


Overfull \hbox (66.3778pt too wide) in paragraph at lines 56--56
[]\T1/lmtt/m/n/10.95 ## 7     NA    NA    NA    NA    NA    NA 2.056 1.555 1.407 1.494[] 
 []


Overfull \hbox (66.3778pt too wide) in paragraph at lines 56--56
[]\T1/lmtt/m/n/10.95 ## 8     NA    NA    NA    NA    NA    NA 1.912 2.624 2.206    NA[] 
 []


Overfull \hbox (66.3778pt too wide) in paragraph at lines 56--56
[]\T1/lmtt/m/n/10.95 ## 9  2.048 2.152 2.583 2.450 2.705 2.746 2.854 2.591 2.441 2.697[] 
 []


Overfull \hbox (66.3778pt too wide) in paragraph at lines 56--56
[]\T1/lmtt/m/n/10.95 ## 10    NA    NA    NA    NA    NA    NA 1.788 1.763 1.518    NA[] 
 []


Overfull \hbox (66.3778pt too wide) in paragraph at lines 56--56
[]\T1/lmtt/m/n/10.95 ## 11    NA    NA    NA    NA    NA    NA 1.872 1.780 1.609    NA[] 
 []


Overfull \hbox (66.3778pt too wide) in paragraph at lines 56--56
[]\T1/lmtt/m/n/10.95 ## 12    NA    NA    NA    NA    NA    NA 1.715 1.385 1.504    NA[] 
 []


Overfull \hbox (66.3778pt too wide) in paragraph at lines 56--56
[]\T1/lmtt/m/n/10.95 ## 13 1.676 1.845 2.350 1.770 1.816 1.891 2.020 1.976 2.073 2.175[] 
 []


Overfull \hbox (66.3778pt too wide) in paragraph at lines 56--56
[]\T1/lmtt/m/n/10.95 ## 14    NA    NA    NA    NA    NA    NA 1.862 1.928 1.938    NA[] 
 []


Overfull \hbox (66.3778pt too wide) in paragraph at lines 56--56
[]\T1/lmtt/m/n/10.95 ## 15    NA    NA    NA    NA    NA    NA 1.613 1.617 1.806    NA[] 
 []


Overfull \hbox (66.3778pt too wide) in paragraph at lines 56--56
[]\T1/lmtt/m/n/10.95 ## 16    NA    NA    NA    NA    NA    NA 1.772 1.515 1.531    NA[] 
 []


Overfull \hbox (66.3778pt too wide) in paragraph at lines 56--56
[]\T1/lmtt/m/n/10.95 ## 17    NA    NA    NA    NA    NA    NA 2.586 2.838 2.271    NA[] 
 []


Overfull \hbox (66.3778pt too wide) in paragraph at lines 56--56
[]\T1/lmtt/m/n/10.95 ## 18 1.352 1.445 1.572 1.599 2.046 1.898 1.474 1.600 1.818 2.478[] 
 []

)
Overfull \vbox (544.44052pt too high) detected at line 1744
 []

[8

]
\openout4 = `Intro_aR_2023_presentacion.vrb'.

(./Intro_aR_2023_presentacion.vrb
LaTeX Font Info:    Trying to load font information for TS1+lmtt on input line 390.
(/Users/lio/Library/TinyTeX/texmf-dist/tex/latex/lm/ts1lmtt.fd
File: ts1lmtt.fd 2015/05/01 v1.6.1 Font defs for Latin Modern
)
<Intro_aR_2023_presentacion_files/figure-beamer/unnamed-chunk-43-1.pdf, id=183, 722.7pt x 505.89pt>
File: Intro_aR_2023_presentacion_files/figure-beamer/unnamed-chunk-43-1.pdf Graphic file (type pdf)
<use Intro_aR_2023_presentacion_files/figure-beamer/unnamed-chunk-43-1.pdf>
Package pdftex.def Info: Intro_aR_2023_presentacion_files/figure-beamer/unnamed-chunk-43-1.pdf  used on input line 497.
(pdftex.def)             Requested size: 307.2923pt x 215.1046pt.
)
Overfull \vbox (6392.71964pt too high) detected at line 2260
 []

[9

{/Users/lio/Library/TinyTeX/texmf-dist/fonts/enc/dvips/lm/lm-ts1.enc} <./Intro_aR_2023_presentacion_files/figure-beamer/unnamed-chunk-43-1.pdf>]
\tf@nav=\write7
\openout7 = `Intro_aR_2023_presentacion.nav'.

\tf@toc=\write8
\openout8 = `Intro_aR_2023_presentacion.toc'.

\tf@snm=\write9
\openout9 = `Intro_aR_2023_presentacion.snm'.

(./Intro_aR_2023_presentacion.aux)
 ***********
LaTeX2e <2023-11-01>
L3 programming layer <2024-01-04>
 ***********

LaTeX Warning: There were multiply-defined labels.

Package rerunfilecheck Info: File `Intro_aR_2023_presentacion.out' has not changed.
(rerunfilecheck)             Checksum: D41D8CD98F00B204E9800998ECF8427E;0.
 ) 
Here is how much of TeX's memory you used:
 23961 strings out of 476126
 463089 string characters out of 5793920
 2203525 words of memory out of 5000000
 45406 multiletter control sequences out of 15000+600000
 628108 words of font info for 91 fonts, out of 8000000 for 9000
 14 hyphenation exceptions out of 8191
 101i,11n,107p,479b,1039s stack positions out of 10000i,1000n,20000p,200000b,200000s
</Users/lio/Library/TinyTeX/texmf-dist/fonts/type1/public/lm/lmss10.pfb></Users/lio/Library/TinyTeX/texmf-dist/fonts/type1/public/lm/lmss12.pfb></Users/lio/Library/TinyTeX/texmf-dist/fonts/type1/public/lm/lmssbx10.pfb></Users/lio/Library/TinyTeX/texmf-dist/fonts/type1/public/lm/lmtko10.pfb></Users/lio/Library/TinyTeX/texmf-dist/fonts/type1/public/lm/lmtt10.pfb></Users/lio/Library/TinyTeX/texmf-dist/fonts/type1/public/lm/lmtt12.pfb></Users/lio/Library/TinyTeX/texmf-dist/fonts/type1/public/lm/lmtti10.pfb></Users/lio/Library/TinyTeX/texmf-dist/fonts/type1/public/amsfonts/symbols/msam10.pfb>
Output written on Intro_aR_2023_presentacion.pdf (9 pages, 1659052 bytes).
PDF statistics:
 265 PDF objects out of 1000 (max. 8388607)
 207 compressed objects within 3 object streams
 94 named destinations out of 1000 (max. 500000)
 93 words of extra memory for PDF output out of 10000 (max. 10000000)

